{"/Users/simonsankar/projects/weagenda/src/controller.js": {"path":"/Users/simonsankar/projects/weagenda/src/controller.js","statementMap":{"0":{"start":{"line":4,"column":12},"end":{"line":4,"column":14}},"1":{"start":{"line":7,"column":4},"end":{"line":7,"column":29}},"2":{"start":{"line":8,"column":16},"end":{"line":8,"column":43}},"3":{"start":{"line":9,"column":4},"end":{"line":38,"column":5}},"4":{"start":{"line":10,"column":6},"end":{"line":36,"column":9}},"5":{"start":{"line":11,"column":8},"end":{"line":35,"column":9}},"6":{"start":{"line":30,"column":10},"end":{"line":34,"column":11}},"7":{"start":{"line":31,"column":12},"end":{"line":33,"column":14}},"8":{"start":{"line":32,"column":14},"end":{"line":32,"column":50}},"9":{"start":{"line":37,"column":6},"end":{"line":37,"column":43}},"10":{"start":{"line":39,"column":4},"end":{"line":39,"column":29}},"11":{"start":{"line":43,"column":4},"end":{"line":43,"column":23}},"12":{"start":{"line":44,"column":16},"end":{"line":44,"column":43}},"13":{"start":{"line":45,"column":4},"end":{"line":72,"column":5}},"14":{"start":{"line":46,"column":6},"end":{"line":70,"column":9}},"15":{"start":{"line":47,"column":8},"end":{"line":69,"column":9}},"16":{"start":{"line":66,"column":10},"end":{"line":68,"column":11}},"17":{"start":{"line":67,"column":12},"end":{"line":67,"column":44}},"18":{"start":{"line":71,"column":6},"end":{"line":71,"column":43}},"19":{"start":{"line":73,"column":4},"end":{"line":73,"column":29}},"20":{"start":{"line":77,"column":17},"end":{"line":77,"column":59}},"21":{"start":{"line":78,"column":4},"end":{"line":78,"column":54}},"22":{"start":{"line":82,"column":17},"end":{"line":82,"column":59}},"23":{"start":{"line":83,"column":4},"end":{"line":83,"column":52}}},"fnMap":{"0":{"name":"(anonymous_0)","decl":{"start":{"line":6,"column":2},"end":{"line":6,"column":3}},"loc":{"start":{"line":6,"column":30},"end":{"line":40,"column":3}},"line":6},"1":{"name":"(anonymous_1)","decl":{"start":{"line":10,"column":48},"end":{"line":10,"column":49}},"loc":{"start":{"line":10,"column":56},"end":{"line":36,"column":7}},"line":10},"2":{"name":"(anonymous_2)","decl":{"start":{"line":31,"column":33},"end":{"line":31,"column":34}},"loc":{"start":{"line":31,"column":46},"end":{"line":33,"column":13}},"line":31},"3":{"name":"(anonymous_3)","decl":{"start":{"line":42,"column":2},"end":{"line":42,"column":3}},"loc":{"start":{"line":42,"column":24},"end":{"line":74,"column":3}},"line":42},"4":{"name":"(anonymous_4)","decl":{"start":{"line":46,"column":48},"end":{"line":46,"column":49}},"loc":{"start":{"line":46,"column":56},"end":{"line":70,"column":7}},"line":46},"5":{"name":"(anonymous_5)","decl":{"start":{"line":76,"column":2},"end":{"line":76,"column":3}},"loc":{"start":{"line":76,"column":23},"end":{"line":79,"column":3}},"line":76},"6":{"name":"(anonymous_6)","decl":{"start":{"line":81,"column":2},"end":{"line":81,"column":3}},"loc":{"start":{"line":81,"column":23},"end":{"line":84,"column":3}},"line":81}},"branchMap":{"0":{"loc":{"start":{"line":11,"column":8},"end":{"line":35,"column":9}},"type":"if","locations":[{"start":{"line":11,"column":8},"end":{"line":35,"column":9}},{"start":{"line":11,"column":8},"end":{"line":35,"column":9}}],"line":11},"1":{"loc":{"start":{"line":12,"column":10},"end":{"line":28,"column":35}},"type":"binary-expr","locations":[{"start":{"line":12,"column":10},"end":{"line":12,"column":32}},{"start":{"line":13,"column":10},"end":{"line":13,"column":35}},{"start":{"line":14,"column":10},"end":{"line":14,"column":38}},{"start":{"line":15,"column":10},"end":{"line":15,"column":38}},{"start":{"line":16,"column":10},"end":{"line":16,"column":35}},{"start":{"line":17,"column":10},"end":{"line":17,"column":30}},{"start":{"line":18,"column":10},"end":{"line":18,"column":30}},{"start":{"line":19,"column":10},"end":{"line":19,"column":37}},{"start":{"line":20,"column":10},"end":{"line":20,"column":37}},{"start":{"line":21,"column":10},"end":{"line":21,"column":35}},{"start":{"line":22,"column":10},"end":{"line":22,"column":37}},{"start":{"line":23,"column":10},"end":{"line":23,"column":37}},{"start":{"line":24,"column":10},"end":{"line":24,"column":34}},{"start":{"line":25,"column":10},"end":{"line":25,"column":41}},{"start":{"line":26,"column":10},"end":{"line":26,"column":29}},{"start":{"line":27,"column":10},"end":{"line":27,"column":28}},{"start":{"line":28,"column":10},"end":{"line":28,"column":35}}],"line":12},"2":{"loc":{"start":{"line":30,"column":10},"end":{"line":34,"column":11}},"type":"if","locations":[{"start":{"line":30,"column":10},"end":{"line":34,"column":11}},{"start":{"line":30,"column":10},"end":{"line":34,"column":11}}],"line":30},"3":{"loc":{"start":{"line":47,"column":8},"end":{"line":69,"column":9}},"type":"if","locations":[{"start":{"line":47,"column":8},"end":{"line":69,"column":9}},{"start":{"line":47,"column":8},"end":{"line":69,"column":9}}],"line":47},"4":{"loc":{"start":{"line":48,"column":10},"end":{"line":64,"column":35}},"type":"binary-expr","locations":[{"start":{"line":48,"column":10},"end":{"line":48,"column":32}},{"start":{"line":49,"column":10},"end":{"line":49,"column":35}},{"start":{"line":50,"column":10},"end":{"line":50,"column":38}},{"start":{"line":51,"column":10},"end":{"line":51,"column":38}},{"start":{"line":52,"column":10},"end":{"line":52,"column":35}},{"start":{"line":53,"column":10},"end":{"line":53,"column":30}},{"start":{"line":54,"column":10},"end":{"line":54,"column":30}},{"start":{"line":55,"column":10},"end":{"line":55,"column":37}},{"start":{"line":56,"column":10},"end":{"line":56,"column":37}},{"start":{"line":57,"column":10},"end":{"line":57,"column":35}},{"start":{"line":58,"column":10},"end":{"line":58,"column":37}},{"start":{"line":59,"column":10},"end":{"line":59,"column":37}},{"start":{"line":60,"column":10},"end":{"line":60,"column":34}},{"start":{"line":61,"column":10},"end":{"line":61,"column":41}},{"start":{"line":62,"column":10},"end":{"line":62,"column":29}},{"start":{"line":63,"column":10},"end":{"line":63,"column":28}},{"start":{"line":64,"column":10},"end":{"line":64,"column":35}}],"line":48},"5":{"loc":{"start":{"line":66,"column":10},"end":{"line":68,"column":11}},"type":"if","locations":[{"start":{"line":66,"column":10},"end":{"line":68,"column":11}},{"start":{"line":66,"column":10},"end":{"line":68,"column":11}}],"line":66},"6":{"loc":{"start":{"line":78,"column":11},"end":{"line":78,"column":53}},"type":"binary-expr","locations":[{"start":{"line":78,"column":11},"end":{"line":78,"column":17}},{"start":{"line":78,"column":21},"end":{"line":78,"column":53}}],"line":78},"7":{"loc":{"start":{"line":83,"column":11},"end":{"line":83,"column":51}},"type":"binary-expr","locations":[{"start":{"line":83,"column":11},"end":{"line":83,"column":17}},{"start":{"line":83,"column":21},"end":{"line":83,"column":51}}],"line":83}},"s":{"0":13,"1":7,"2":7,"3":7,"4":21,"5":145,"6":23,"7":15,"8":7,"9":21,"10":7,"11":2,"12":2,"13":2,"14":6,"15":41,"16":7,"17":3,"18":6,"19":2,"20":23,"21":23,"22":7,"23":7},"f":{"0":7,"1":145,"2":7,"3":2,"4":41,"5":23,"6":7},"b":{"0":[23,122],"1":[145,124,114,107,107,107,100,93,86,79,72,65,58,51,44,37,30],"2":[15,8],"3":[7,34],"4":[41,35,33,31,31,31,29,27,25,23,21,19,17,15,13,11,9],"5":[3,4],"6":[23,23],"7":[7,7]},"_coverageSchema":"1a1c01bbd47fc00a2c39e90264f33305004495a9","hash":"5de2e35dffdb51c64668e86bac66890aa496e247"}
,"/Users/simonsankar/projects/weagenda/src/weosHelpers.js": {"path":"/Users/simonsankar/projects/weagenda/src/weosHelpers.js","statementMap":{"0":{"start":{"line":4,"column":25},"end":{"line":9,"column":1}},"1":{"start":{"line":5,"column":2},"end":{"line":8,"column":10}},"2":{"start":{"line":6,"column":22},"end":{"line":6,"column":61}},"3":{"start":{"line":7,"column":16},"end":{"line":7,"column":54}},"4":{"start":{"line":14,"column":23},"end":{"line":23,"column":1}},"5":{"start":{"line":15,"column":30},"end":{"line":15,"column":50}},"6":{"start":{"line":17,"column":2},"end":{"line":22,"column":4}},"7":{"start":{"line":20,"column":6},"end":{"line":20,"column":41}},"8":{"start":{"line":25,"column":28},"end":{"line":47,"column":1}},"9":{"start":{"line":26,"column":28},"end":{"line":26,"column":47}},"10":{"start":{"line":28,"column":2},"end":{"line":46,"column":4}},"11":{"start":{"line":31,"column":6},"end":{"line":31,"column":45}},"12":{"start":{"line":32,"column":6},"end":{"line":40,"column":7}},"13":{"start":{"line":37,"column":8},"end":{"line":37,"column":42}},"14":{"start":{"line":39,"column":8},"end":{"line":39,"column":41}},"15":{"start":{"line":41,"column":6},"end":{"line":41,"column":44}},"16":{"start":{"line":44,"column":6},"end":{"line":44,"column":60}}},"fnMap":{"0":{"name":"(anonymous_0)","decl":{"start":{"line":4,"column":25},"end":{"line":4,"column":26}},"loc":{"start":{"line":4,"column":47},"end":{"line":9,"column":1}},"line":4},"1":{"name":"(anonymous_1)","decl":{"start":{"line":6,"column":4},"end":{"line":6,"column":5}},"loc":{"start":{"line":6,"column":22},"end":{"line":6,"column":61}},"line":6},"2":{"name":"(anonymous_2)","decl":{"start":{"line":7,"column":4},"end":{"line":7,"column":5}},"loc":{"start":{"line":7,"column":16},"end":{"line":7,"column":54}},"line":7},"3":{"name":"(anonymous_3)","decl":{"start":{"line":14,"column":23},"end":{"line":14,"column":24}},"loc":{"start":{"line":14,"column":37},"end":{"line":23,"column":1}},"line":14},"4":{"name":"(anonymous_4)","decl":{"start":{"line":19,"column":4},"end":{"line":19,"column":5}},"loc":{"start":{"line":19,"column":18},"end":{"line":21,"column":5}},"line":19},"5":{"name":"(anonymous_5)","decl":{"start":{"line":25,"column":28},"end":{"line":25,"column":29}},"loc":{"start":{"line":25,"column":49},"end":{"line":47,"column":1}},"line":25},"6":{"name":"(anonymous_6)","decl":{"start":{"line":30,"column":4},"end":{"line":30,"column":5}},"loc":{"start":{"line":30,"column":28},"end":{"line":42,"column":5}},"line":30},"7":{"name":"(anonymous_7)","decl":{"start":{"line":43,"column":4},"end":{"line":43,"column":5}},"loc":{"start":{"line":43,"column":10},"end":{"line":45,"column":5}},"line":43}},"branchMap":{"0":{"loc":{"start":{"line":32,"column":6},"end":{"line":40,"column":7}},"type":"if","locations":[{"start":{"line":32,"column":6},"end":{"line":40,"column":7}},{"start":{"line":32,"column":6},"end":{"line":40,"column":7}}],"line":32},"1":{"loc":{"start":{"line":33,"column":8},"end":{"line":35,"column":39}},"type":"binary-expr","locations":[{"start":{"line":33,"column":8},"end":{"line":33,"column":32}},{"start":{"line":34,"column":8},"end":{"line":34,"column":33}},{"start":{"line":35,"column":8},"end":{"line":35,"column":39}}],"line":33}},"s":{"0":1,"1":0,"2":0,"3":0,"4":1,"5":9,"6":9,"7":4,"8":1,"9":9,"10":9,"11":4,"12":4,"13":3,"14":1,"15":4,"16":4},"f":{"0":0,"1":0,"2":0,"3":9,"4":4,"5":9,"6":4,"7":4},"b":{"0":[3,1],"1":[4,4,4]},"_coverageSchema":"1a1c01bbd47fc00a2c39e90264f33305004495a9","hash":"82142303ad770272c93629ec26ad6ac206ebdb84"}
,"/Users/simonsankar/projects/weagenda/src/logs/controllers/Logs.js": {"path":"/Users/simonsankar/projects/weagenda/src/logs/controllers/Logs.js","statementMap":{"0":{"start":{"line":7,"column":4},"end":{"line":7,"column":51}},"1":{"start":{"line":9,"column":4},"end":{"line":11,"column":6}}},"fnMap":{"0":{"name":"(anonymous_0)","decl":{"start":{"line":6,"column":2},"end":{"line":6,"column":3}},"loc":{"start":{"line":6,"column":35},"end":{"line":12,"column":3}},"line":6}},"branchMap":{},"s":{"0":1,"1":1},"f":{"0":1},"b":{},"_coverageSchema":"1a1c01bbd47fc00a2c39e90264f33305004495a9","hash":"92316ea56fec35ed7dcce508536a0b116359572d"}
,"/Users/simonsankar/projects/weagenda/src/logs/model/commandTypes.js": {"path":"/Users/simonsankar/projects/weagenda/src/logs/model/commandTypes.js","statementMap":{"0":{"start":{"line":1,"column":23},"end":{"line":1,"column":32}},"1":{"start":{"line":2,"column":26},"end":{"line":2,"column":38}},"2":{"start":{"line":3,"column":26},"end":{"line":3,"column":38}}},"fnMap":{},"branchMap":{},"s":{"0":4,"1":4,"2":4},"f":{},"b":{},"_coverageSchema":"1a1c01bbd47fc00a2c39e90264f33305004495a9","hash":"531541e3ac09117463eb9881eb86683ed063f6a2"}
,"/Users/simonsankar/projects/weagenda/src/logs/model/commands.js": {"path":"/Users/simonsankar/projects/weagenda/src/logs/model/commands.js","statementMap":{"0":{"start":{"line":3,"column":26},"end":{"line":11,"column":1}},"1":{"start":{"line":4,"column":2},"end":{"line":10,"column":4}}},"fnMap":{"0":{"name":"(anonymous_0)","decl":{"start":{"line":3,"column":26},"end":{"line":3,"column":27}},"loc":{"start":{"line":3,"column":49},"end":{"line":11,"column":1}},"line":3}},"branchMap":{},"s":{"0":4,"1":3},"f":{"0":3},"b":{},"_coverageSchema":"1a1c01bbd47fc00a2c39e90264f33305004495a9","hash":"438204b8714ab5c81facdb76279ad5e3c7cae893"}
,"/Users/simonsankar/projects/weagenda/src/logs/model/reducer.js": {"path":"/Users/simonsankar/projects/weagenda/src/logs/model/reducer.js","statementMap":{"0":{"start":{"line":4,"column":13},"end":{"line":59,"column":1}},"1":{"start":{"line":8,"column":16},"end":{"line":8,"column":25}},"2":{"start":{"line":9,"column":20},"end":{"line":9,"column":29}},"3":{"start":{"line":10,"column":18},"end":{"line":10,"column":27}},"4":{"start":{"line":12,"column":2},"end":{"line":58,"column":3}},"5":{"start":{"line":15,"column":6},"end":{"line":17,"column":7}},"6":{"start":{"line":16,"column":8},"end":{"line":16,"column":32}},"7":{"start":{"line":20,"column":6},"end":{"line":22,"column":7}},"8":{"start":{"line":21,"column":8},"end":{"line":21,"column":36}},"9":{"start":{"line":25,"column":6},"end":{"line":27,"column":7}},"10":{"start":{"line":26,"column":8},"end":{"line":26,"column":34}},"11":{"start":{"line":30,"column":26},"end":{"line":30,"column":34}},"12":{"start":{"line":31,"column":6},"end":{"line":39,"column":8}},"13":{"start":{"line":41,"column":6},"end":{"line":45,"column":7}},"14":{"start":{"line":42,"column":8},"end":{"line":42,"column":65}},"15":{"start":{"line":44,"column":8},"end":{"line":44,"column":62}},"16":{"start":{"line":48,"column":6},"end":{"line":48,"column":59}},"17":{"start":{"line":51,"column":6},"end":{"line":55,"column":9}},"18":{"start":{"line":57,"column":6},"end":{"line":57,"column":19}}},"fnMap":{"0":{"name":"(anonymous_0)","decl":{"start":{"line":4,"column":13},"end":{"line":4,"column":14}},"loc":{"start":{"line":7,"column":5},"end":{"line":59,"column":1}},"line":7}},"branchMap":{"0":{"loc":{"start":{"line":5,"column":2},"end":{"line":5,"column":76}},"type":"default-arg","locations":[{"start":{"line":5,"column":10},"end":{"line":5,"column":76}}],"line":5},"1":{"loc":{"start":{"line":12,"column":2},"end":{"line":58,"column":3}},"type":"switch","locations":[{"start":{"line":13,"column":4},"end":{"line":55,"column":9}},{"start":{"line":56,"column":4},"end":{"line":57,"column":19}}],"line":12},"2":{"loc":{"start":{"line":41,"column":6},"end":{"line":45,"column":7}},"type":"if","locations":[{"start":{"line":41,"column":6},"end":{"line":45,"column":7}},{"start":{"line":41,"column":6},"end":{"line":45,"column":7}}],"line":41}},"s":{"0":2,"1":3,"2":3,"3":3,"4":3,"5":2,"6":10,"7":2,"8":2,"9":2,"10":7,"11":2,"12":2,"13":2,"14":1,"15":1,"16":2,"17":2,"18":1},"f":{"0":3},"b":{"0":[1],"1":[2,1],"2":[1,1]},"_coverageSchema":"1a1c01bbd47fc00a2c39e90264f33305004495a9","hash":"ae10bdcf7ecfb527cd57e7a0186ff05c8eb0f0ac"}
,"/Users/simonsankar/projects/weagenda/src/logs/model/selectors.js": {"path":"/Users/simonsankar/projects/weagenda/src/logs/model/selectors.js","statementMap":{"0":{"start":{"line":5,"column":33},"end":{"line":6,"column":36}},"1":{"start":{"line":6,"column":2},"end":{"line":6,"column":36}},"2":{"start":{"line":7,"column":31},"end":{"line":7,"column":58}},"3":{"start":{"line":7,"column":40},"end":{"line":7,"column":58}},"4":{"start":{"line":8,"column":33},"end":{"line":8,"column":74}},"5":{"start":{"line":8,"column":42},"end":{"line":8,"column":74}},"6":{"start":{"line":10,"column":30},"end":{"line":20,"column":1}},"7":{"start":{"line":11,"column":16},"end":{"line":13,"column":4}},"8":{"start":{"line":12,"column":4},"end":{"line":12,"column":33}},"9":{"start":{"line":15,"column":17},"end":{"line":15,"column":26}},"10":{"start":{"line":16,"column":2},"end":{"line":18,"column":5}},"11":{"start":{"line":17,"column":4},"end":{"line":17,"column":53}},"12":{"start":{"line":19,"column":2},"end":{"line":19,"column":16}},"13":{"start":{"line":26,"column":33},"end":{"line":38,"column":1}},"14":{"start":{"line":29,"column":18},"end":{"line":29,"column":41}},"15":{"start":{"line":30,"column":4},"end":{"line":36,"column":53}},"16":{"start":{"line":32,"column":8},"end":{"line":34,"column":16}},"17":{"start":{"line":36,"column":35},"end":{"line":36,"column":51}},"18":{"start":{"line":44,"column":31},"end":{"line":47,"column":1}},"19":{"start":{"line":46,"column":20},"end":{"line":46,"column":56}},"20":{"start":{"line":46,"column":40},"end":{"line":46,"column":55}},"21":{"start":{"line":53,"column":36},"end":{"line":66,"column":1}},"22":{"start":{"line":57,"column":4},"end":{"line":64,"column":53}},"23":{"start":{"line":59,"column":8},"end":{"line":62,"column":9}},"24":{"start":{"line":64,"column":35},"end":{"line":64,"column":51}},"25":{"start":{"line":68,"column":38},"end":{"line":89,"column":1}},"26":{"start":{"line":71,"column":19},"end":{"line":71,"column":43}},"27":{"start":{"line":72,"column":18},"end":{"line":72,"column":40}},"28":{"start":{"line":73,"column":4},"end":{"line":87,"column":7}},"29":{"start":{"line":74,"column":28},"end":{"line":76,"column":7}},"30":{"start":{"line":75,"column":25},"end":{"line":75,"column":68}},"31":{"start":{"line":77,"column":6},"end":{"line":86,"column":12}},"32":{"start":{"line":80,"column":30},"end":{"line":80,"column":60}},"33":{"start":{"line":81,"column":14},"end":{"line":83,"column":20}},"34":{"start":{"line":85,"column":41},"end":{"line":85,"column":57}},"35":{"start":{"line":91,"column":20},"end":{"line":108,"column":1}},"36":{"start":{"line":92,"column":14},"end":{"line":92,"column":46}},"37":{"start":{"line":93,"column":2},"end":{"line":101,"column":3}},"38":{"start":{"line":94,"column":4},"end":{"line":96,"column":5}},"39":{"start":{"line":95,"column":6},"end":{"line":95,"column":70}},"40":{"start":{"line":95,"column":35},"end":{"line":95,"column":68}},"41":{"start":{"line":98,"column":4},"end":{"line":100,"column":5}},"42":{"start":{"line":99,"column":6},"end":{"line":99,"column":68}},"43":{"start":{"line":99,"column":35},"end":{"line":99,"column":66}},"44":{"start":{"line":103,"column":2},"end":{"line":105,"column":3}},"45":{"start":{"line":104,"column":4},"end":{"line":104,"column":63}},"46":{"start":{"line":104,"column":33},"end":{"line":104,"column":61}},"47":{"start":{"line":107,"column":2},"end":{"line":107,"column":15}},"48":{"start":{"line":110,"column":25},"end":{"line":124,"column":3}},"49":{"start":{"line":111,"column":2},"end":{"line":124,"column":3}},"50":{"start":{"line":114,"column":6},"end":{"line":122,"column":10}},"51":{"start":{"line":115,"column":24},"end":{"line":117,"column":10}},"52":{"start":{"line":116,"column":10},"end":{"line":116,"column":40}},"53":{"start":{"line":118,"column":8},"end":{"line":121,"column":10}},"54":{"start":{"line":126,"column":31},"end":{"line":126,"column":49}}},"fnMap":{"0":{"name":"(anonymous_0)","decl":{"start":{"line":5,"column":33},"end":{"line":5,"column":34}},"loc":{"start":{"line":6,"column":2},"end":{"line":6,"column":36}},"line":6},"1":{"name":"(anonymous_1)","decl":{"start":{"line":7,"column":31},"end":{"line":7,"column":32}},"loc":{"start":{"line":7,"column":40},"end":{"line":7,"column":58}},"line":7},"2":{"name":"(anonymous_2)","decl":{"start":{"line":8,"column":33},"end":{"line":8,"column":34}},"loc":{"start":{"line":8,"column":42},"end":{"line":8,"column":74}},"line":8},"3":{"name":"(anonymous_3)","decl":{"start":{"line":10,"column":30},"end":{"line":10,"column":31}},"loc":{"start":{"line":10,"column":47},"end":{"line":20,"column":1}},"line":10},"4":{"name":"(anonymous_4)","decl":{"start":{"line":11,"column":56},"end":{"line":11,"column":57}},"loc":{"start":{"line":11,"column":64},"end":{"line":13,"column":3}},"line":11},"5":{"name":"(anonymous_5)","decl":{"start":{"line":16,"column":16},"end":{"line":16,"column":17}},"loc":{"start":{"line":16,"column":24},"end":{"line":18,"column":3}},"line":16},"6":{"name":"(anonymous_6)","decl":{"start":{"line":28,"column":2},"end":{"line":28,"column":3}},"loc":{"start":{"line":28,"column":17},"end":{"line":37,"column":3}},"line":28},"7":{"name":"(anonymous_7)","decl":{"start":{"line":31,"column":11},"end":{"line":31,"column":12}},"loc":{"start":{"line":32,"column":8},"end":{"line":34,"column":16}},"line":32},"8":{"name":"(anonymous_8)","decl":{"start":{"line":36,"column":14},"end":{"line":36,"column":15}},"loc":{"start":{"line":36,"column":35},"end":{"line":36,"column":51}},"line":36},"9":{"name":"(anonymous_9)","decl":{"start":{"line":46,"column":2},"end":{"line":46,"column":3}},"loc":{"start":{"line":46,"column":20},"end":{"line":46,"column":56}},"line":46},"10":{"name":"(anonymous_10)","decl":{"start":{"line":46,"column":31},"end":{"line":46,"column":32}},"loc":{"start":{"line":46,"column":40},"end":{"line":46,"column":55}},"line":46},"11":{"name":"(anonymous_11)","decl":{"start":{"line":55,"column":2},"end":{"line":55,"column":3}},"loc":{"start":{"line":55,"column":27},"end":{"line":65,"column":3}},"line":55},"12":{"name":"(anonymous_12)","decl":{"start":{"line":58,"column":11},"end":{"line":58,"column":12}},"loc":{"start":{"line":59,"column":8},"end":{"line":62,"column":9}},"line":59},"13":{"name":"(anonymous_13)","decl":{"start":{"line":64,"column":14},"end":{"line":64,"column":15}},"loc":{"start":{"line":64,"column":35},"end":{"line":64,"column":51}},"line":64},"14":{"name":"(anonymous_14)","decl":{"start":{"line":70,"column":2},"end":{"line":70,"column":3}},"loc":{"start":{"line":70,"column":31},"end":{"line":88,"column":3}},"line":70},"15":{"name":"(anonymous_15)","decl":{"start":{"line":73,"column":21},"end":{"line":73,"column":22}},"loc":{"start":{"line":73,"column":29},"end":{"line":87,"column":5}},"line":73},"16":{"name":"(anonymous_16)","decl":{"start":{"line":75,"column":8},"end":{"line":75,"column":9}},"loc":{"start":{"line":75,"column":25},"end":{"line":75,"column":68}},"line":75},"17":{"name":"(anonymous_17)","decl":{"start":{"line":79,"column":17},"end":{"line":79,"column":18}},"loc":{"start":{"line":79,"column":25},"end":{"line":84,"column":13}},"line":79},"18":{"name":"(anonymous_18)","decl":{"start":{"line":85,"column":20},"end":{"line":85,"column":21}},"loc":{"start":{"line":85,"column":41},"end":{"line":85,"column":57}},"line":85},"19":{"name":"(anonymous_19)","decl":{"start":{"line":91,"column":20},"end":{"line":91,"column":21}},"loc":{"start":{"line":91,"column":43},"end":{"line":108,"column":1}},"line":91},"20":{"name":"(anonymous_20)","decl":{"start":{"line":95,"column":27},"end":{"line":95,"column":28}},"loc":{"start":{"line":95,"column":35},"end":{"line":95,"column":68}},"line":95},"21":{"name":"(anonymous_21)","decl":{"start":{"line":99,"column":27},"end":{"line":99,"column":28}},"loc":{"start":{"line":99,"column":35},"end":{"line":99,"column":66}},"line":99},"22":{"name":"(anonymous_22)","decl":{"start":{"line":104,"column":25},"end":{"line":104,"column":26}},"loc":{"start":{"line":104,"column":33},"end":{"line":104,"column":61}},"line":104},"23":{"name":"(anonymous_23)","decl":{"start":{"line":110,"column":25},"end":{"line":110,"column":26}},"loc":{"start":{"line":111,"column":2},"end":{"line":124,"column":3}},"line":111},"24":{"name":"(anonymous_24)","decl":{"start":{"line":113,"column":4},"end":{"line":113,"column":5}},"loc":{"start":{"line":113,"column":22},"end":{"line":123,"column":5}},"line":113},"25":{"name":"(anonymous_25)","decl":{"start":{"line":114,"column":32},"end":{"line":114,"column":33}},"loc":{"start":{"line":114,"column":39},"end":{"line":122,"column":7}},"line":114},"26":{"name":"(anonymous_26)","decl":{"start":{"line":115,"column":40},"end":{"line":115,"column":41}},"loc":{"start":{"line":115,"column":48},"end":{"line":117,"column":9}},"line":115}},"branchMap":{"0":{"loc":{"start":{"line":32,"column":8},"end":{"line":34,"column":16}},"type":"cond-expr","locations":[{"start":{"line":33,"column":12},"end":{"line":33,"column":72}},{"start":{"line":34,"column":12},"end":{"line":34,"column":16}}],"line":32},"1":{"loc":{"start":{"line":77,"column":13},"end":{"line":86,"column":11}},"type":"cond-expr","locations":[{"start":{"line":78,"column":10},"end":{"line":85,"column":58}},{"start":{"line":86,"column":10},"end":{"line":86,"column":11}}],"line":77},"2":{"loc":{"start":{"line":81,"column":21},"end":{"line":83,"column":19}},"type":"cond-expr","locations":[{"start":{"line":82,"column":18},"end":{"line":82,"column":55}},{"start":{"line":83,"column":18},"end":{"line":83,"column":19}}],"line":81},"3":{"loc":{"start":{"line":91,"column":28},"end":{"line":91,"column":38}},"type":"default-arg","locations":[{"start":{"line":91,"column":36},"end":{"line":91,"column":38}}],"line":91},"4":{"loc":{"start":{"line":93,"column":2},"end":{"line":101,"column":3}},"type":"if","locations":[{"start":{"line":93,"column":2},"end":{"line":101,"column":3}},{"start":{"line":93,"column":2},"end":{"line":101,"column":3}}],"line":93},"5":{"loc":{"start":{"line":93,"column":6},"end":{"line":93,"column":66}},"type":"binary-expr","locations":[{"start":{"line":93,"column":6},"end":{"line":93,"column":35}},{"start":{"line":93,"column":39},"end":{"line":93,"column":66}}],"line":93},"6":{"loc":{"start":{"line":94,"column":4},"end":{"line":96,"column":5}},"type":"if","locations":[{"start":{"line":94,"column":4},"end":{"line":96,"column":5}},{"start":{"line":94,"column":4},"end":{"line":96,"column":5}}],"line":94},"7":{"loc":{"start":{"line":98,"column":4},"end":{"line":100,"column":5}},"type":"if","locations":[{"start":{"line":98,"column":4},"end":{"line":100,"column":5}},{"start":{"line":98,"column":4},"end":{"line":100,"column":5}}],"line":98},"8":{"loc":{"start":{"line":103,"column":2},"end":{"line":105,"column":3}},"type":"if","locations":[{"start":{"line":103,"column":2},"end":{"line":105,"column":3}},{"start":{"line":103,"column":2},"end":{"line":105,"column":3}}],"line":103}},"s":{"0":4,"1":2,"2":4,"3":4,"4":4,"5":1,"6":4,"7":4,"8":29,"9":4,"10":4,"11":12,"12":4,"13":4,"14":2,"15":2,"16":8,"17":6,"18":4,"19":1,"20":2,"21":4,"22":1,"23":2,"24":1,"25":4,"26":2,"27":2,"28":2,"29":8,"30":16,"31":8,"32":2,"33":2,"34":0,"35":4,"36":4,"37":4,"38":2,"39":2,"40":20,"41":2,"42":2,"43":14,"44":4,"45":1,"46":4,"47":4,"48":4,"49":4,"50":4,"51":25,"52":78,"53":25,"54":4},"f":{"0":2,"1":4,"2":1,"3":4,"4":29,"5":12,"6":2,"7":8,"8":6,"9":1,"10":2,"11":1,"12":2,"13":1,"14":2,"15":8,"16":16,"17":2,"18":0,"19":4,"20":20,"21":14,"22":4,"23":4,"24":4,"25":25,"26":78},"b":{"0":[6,2],"1":[2,6],"2":[2,0],"3":[0],"4":[2,2],"5":[4,2],"6":[2,0],"7":[2,0],"8":[1,3]},"_coverageSchema":"1a1c01bbd47fc00a2c39e90264f33305004495a9","hash":"e82e908cabb070d43f359939abeb259c346f695b"}
,"/Users/simonsankar/projects/weagenda/src/logs/views/components/LogItem.js": {"path":"/Users/simonsankar/projects/weagenda/src/logs/views/components/LogItem.js","statementMap":{"0":{"start":{"line":15,"column":17},"end":{"line":15,"column":44}},"1":{"start":{"line":16,"column":2},"end":{"line":16,"column":32}},"2":{"start":{"line":17,"column":19},"end":{"line":17,"column":64}},"3":{"start":{"line":18,"column":19},"end":{"line":18,"column":61}},"4":{"start":{"line":19,"column":2},"end":{"line":19,"column":26}},"5":{"start":{"line":20,"column":2},"end":{"line":48,"column":4}},"6":{"start":{"line":51,"column":21},"end":{"line":82,"column":2}}},"fnMap":{"0":{"name":"(anonymous_0)","decl":{"start":{"line":14,"column":15},"end":{"line":14,"column":16}},"loc":{"start":{"line":14,"column":43},"end":{"line":49,"column":1}},"line":14}},"branchMap":{},"s":{"0":1,"1":1,"2":1,"3":1,"4":1,"5":1,"6":1},"f":{"0":1},"b":{},"_coverageSchema":"1a1c01bbd47fc00a2c39e90264f33305004495a9","hash":"4af3e7fb2aa84a231a2a0ccab46d9bf4b5744fe9"}
,"/Users/simonsankar/projects/weagenda/src/logs/views/components/LogsFilter.js": {"path":"/Users/simonsankar/projects/weagenda/src/logs/views/components/LogsFilter.js","statementMap":{"0":{"start":{"line":13,"column":19},"end":{"line":48,"column":1}},"1":{"start":{"line":14,"column":2},"end":{"line":14,"column":42}},"2":{"start":{"line":15,"column":28},"end":{"line":18,"column":4}},"3":{"start":{"line":20,"column":17},"end":{"line":20,"column":44}},"4":{"start":{"line":21,"column":2},"end":{"line":47,"column":4}},"5":{"start":{"line":29,"column":29},"end":{"line":29,"column":47}},"6":{"start":{"line":42,"column":33},"end":{"line":42,"column":52}},"7":{"start":{"line":50,"column":21},"end":{"line":63,"column":2}}},"fnMap":{"0":{"name":"(anonymous_0)","decl":{"start":{"line":13,"column":19},"end":{"line":13,"column":20}},"loc":{"start":{"line":13,"column":28},"end":{"line":48,"column":1}},"line":13},"1":{"name":"(anonymous_1)","decl":{"start":{"line":29,"column":20},"end":{"line":29,"column":21}},"loc":{"start":{"line":29,"column":29},"end":{"line":29,"column":47}},"line":29},"2":{"name":"(anonymous_2)","decl":{"start":{"line":42,"column":20},"end":{"line":42,"column":21}},"loc":{"start":{"line":42,"column":33},"end":{"line":42,"column":52}},"line":42}},"branchMap":{},"s":{"0":1,"1":1,"2":1,"3":1,"4":1,"5":0,"6":0,"7":1},"f":{"0":1,"1":0,"2":0},"b":{},"_coverageSchema":"1a1c01bbd47fc00a2c39e90264f33305004495a9","hash":"1cb0a4d732fd9efd806acf559fa06d8cef80d4cf"}
,"/Users/simonsankar/projects/weagenda/src/onboarding/controllers/Complete.js": {"path":"/Users/simonsankar/projects/weagenda/src/onboarding/controllers/Complete.js","statementMap":{"0":{"start":{"line":12,"column":4},"end":{"line":12,"column":33}}},"fnMap":{"0":{"name":"(anonymous_0)","decl":{"start":{"line":11,"column":2},"end":{"line":11,"column":3}},"loc":{"start":{"line":11,"column":15},"end":{"line":13,"column":3}},"line":11}},"branchMap":{},"s":{"0":1},"f":{"0":1},"b":{},"_coverageSchema":"1a1c01bbd47fc00a2c39e90264f33305004495a9","hash":"e85c640ab12371153658f8b14fe4f5ce2026a61e"}
,"/Users/simonsankar/projects/weagenda/src/onboarding/model/commandTypes.js": {"path":"/Users/simonsankar/projects/weagenda/src/onboarding/model/commandTypes.js","statementMap":{"0":{"start":{"line":1,"column":23},"end":{"line":1,"column":32}}},"fnMap":{},"branchMap":{},"s":{"0":2},"f":{},"b":{},"_coverageSchema":"1a1c01bbd47fc00a2c39e90264f33305004495a9","hash":"8ec8b642a92f8e64a4e740e25a12f0fb4f132ce7"}
,"/Users/simonsankar/projects/weagenda/src/onboarding/model/commands.js": {"path":"/Users/simonsankar/projects/weagenda/src/onboarding/model/commands.js","statementMap":{"0":{"start":{"line":3,"column":27},"end":{"line":7,"column":1}},"1":{"start":{"line":4,"column":2},"end":{"line":6,"column":4}}},"fnMap":{"0":{"name":"(anonymous_0)","decl":{"start":{"line":3,"column":27},"end":{"line":3,"column":28}},"loc":{"start":{"line":3,"column":33},"end":{"line":7,"column":1}},"line":3}},"branchMap":{},"s":{"0":2,"1":3},"f":{"0":3},"b":{},"_coverageSchema":"1a1c01bbd47fc00a2c39e90264f33305004495a9","hash":"e5b2ac1860d30dba2ada8262ee6a28f1586e5abb"}
,"/Users/simonsankar/projects/weagenda/src/onboarding/model/reducer.js": {"path":"/Users/simonsankar/projects/weagenda/src/onboarding/model/reducer.js","statementMap":{"0":{"start":{"line":3,"column":16},"end":{"line":10,"column":1}},"1":{"start":{"line":4,"column":2},"end":{"line":9,"column":3}},"2":{"start":{"line":6,"column":6},"end":{"line":6,"column":41}},"3":{"start":{"line":8,"column":6},"end":{"line":8,"column":19}}},"fnMap":{"0":{"name":"(anonymous_0)","decl":{"start":{"line":3,"column":16},"end":{"line":3,"column":17}},"loc":{"start":{"line":3,"column":56},"end":{"line":10,"column":1}},"line":3}},"branchMap":{"0":{"loc":{"start":{"line":3,"column":17},"end":{"line":3,"column":43}},"type":"default-arg","locations":[{"start":{"line":3,"column":25},"end":{"line":3,"column":43}}],"line":3},"1":{"loc":{"start":{"line":4,"column":2},"end":{"line":9,"column":3}},"type":"switch","locations":[{"start":{"line":5,"column":4},"end":{"line":6,"column":41}},{"start":{"line":7,"column":4},"end":{"line":8,"column":19}}],"line":4}},"s":{"0":1,"1":2,"2":1,"3":1},"f":{"0":2},"b":{"0":[1],"1":[1,1]},"_coverageSchema":"1a1c01bbd47fc00a2c39e90264f33305004495a9","hash":"b79c7053c48d44180b8a80af49cde8afcc7d2bc6"}
,"/Users/simonsankar/projects/weagenda/src/onboarding/views/screens/Complete.js": {"path":"/Users/simonsankar/projects/weagenda/src/onboarding/views/screens/Complete.js","statementMap":{"0":{"start":{"line":14,"column":17},"end":{"line":14,"column":44}},"1":{"start":{"line":15,"column":2},"end":{"line":34,"column":4}},"2":{"start":{"line":28,"column":59},"end":{"line":28,"column":71}},"3":{"start":{"line":37,"column":21},"end":{"line":60,"column":2}}},"fnMap":{"0":{"name":"(anonymous_0)","decl":{"start":{"line":13,"column":15},"end":{"line":13,"column":16}},"loc":{"start":{"line":13,"column":45},"end":{"line":35,"column":1}},"line":13},"1":{"name":"(anonymous_1)","decl":{"start":{"line":28,"column":53},"end":{"line":28,"column":54}},"loc":{"start":{"line":28,"column":59},"end":{"line":28,"column":71}},"line":28}},"branchMap":{},"s":{"0":1,"1":1,"2":1,"3":1},"f":{"0":1,"1":1},"b":{},"_coverageSchema":"1a1c01bbd47fc00a2c39e90264f33305004495a9","hash":"90dc0fdfbe2caf804d2c895b2264f0eca8198cbf"}
,"/Users/simonsankar/projects/weagenda/src/projects/model/commandTypes.js": {"path":"/Users/simonsankar/projects/weagenda/src/projects/model/commandTypes.js","statementMap":{"0":{"start":{"line":1,"column":27},"end":{"line":1,"column":40}},"1":{"start":{"line":2,"column":30},"end":{"line":2,"column":46}},"2":{"start":{"line":3,"column":30},"end":{"line":3,"column":46}}},"fnMap":{},"branchMap":{},"s":{"0":1,"1":1,"2":1},"f":{},"b":{},"_coverageSchema":"1a1c01bbd47fc00a2c39e90264f33305004495a9","hash":"477bd9b03cee45ac6b9f141afcfd387d5503bc5c"}
,"/Users/simonsankar/projects/weagenda/src/projects/model/commands.js": {"path":"/Users/simonsankar/projects/weagenda/src/projects/model/commands.js","statementMap":{"0":{"start":{"line":3,"column":26},"end":{"line":8,"column":1}},"1":{"start":{"line":4,"column":2},"end":{"line":7,"column":4}},"2":{"start":{"line":10,"column":29},"end":{"line":15,"column":1}},"3":{"start":{"line":11,"column":2},"end":{"line":14,"column":4}},"4":{"start":{"line":17,"column":29},"end":{"line":25,"column":1}},"5":{"start":{"line":18,"column":2},"end":{"line":24,"column":4}}},"fnMap":{"0":{"name":"(anonymous_0)","decl":{"start":{"line":3,"column":26},"end":{"line":3,"column":27}},"loc":{"start":{"line":3,"column":37},"end":{"line":8,"column":1}},"line":3},"1":{"name":"(anonymous_1)","decl":{"start":{"line":10,"column":29},"end":{"line":10,"column":30}},"loc":{"start":{"line":10,"column":42},"end":{"line":15,"column":1}},"line":10},"2":{"name":"(anonymous_2)","decl":{"start":{"line":17,"column":29},"end":{"line":17,"column":30}},"loc":{"start":{"line":17,"column":53},"end":{"line":25,"column":1}},"line":17}},"branchMap":{},"s":{"0":1,"1":1,"2":1,"3":1,"4":1,"5":1},"f":{"0":1,"1":1,"2":1},"b":{},"_coverageSchema":"1a1c01bbd47fc00a2c39e90264f33305004495a9","hash":"62cb17e3172fd64933162bf9a8ac2d697dd0019b"}
,"/Users/simonsankar/projects/weagenda/src/projects/model/reducer.js": {"path":"/Users/simonsankar/projects/weagenda/src/projects/model/reducer.js","statementMap":{"0":{"start":{"line":4,"column":17},"end":{"line":18,"column":1}},"1":{"start":{"line":5,"column":2},"end":{"line":17,"column":3}},"2":{"start":{"line":7,"column":6},"end":{"line":7,"column":48}},"3":{"start":{"line":8,"column":6},"end":{"line":8,"column":19}},"4":{"start":{"line":10,"column":6},"end":{"line":10,"column":44}},"5":{"start":{"line":11,"column":6},"end":{"line":11,"column":19}},"6":{"start":{"line":13,"column":6},"end":{"line":13,"column":54}},"7":{"start":{"line":14,"column":6},"end":{"line":14,"column":19}},"8":{"start":{"line":16,"column":6},"end":{"line":16,"column":19}}},"fnMap":{"0":{"name":"(anonymous_0)","decl":{"start":{"line":4,"column":17},"end":{"line":4,"column":18}},"loc":{"start":{"line":4,"column":53},"end":{"line":18,"column":1}},"line":4}},"branchMap":{"0":{"loc":{"start":{"line":4,"column":18},"end":{"line":4,"column":40}},"type":"default-arg","locations":[{"start":{"line":4,"column":26},"end":{"line":4,"column":40}}],"line":4},"1":{"loc":{"start":{"line":5,"column":2},"end":{"line":17,"column":3}},"type":"switch","locations":[{"start":{"line":6,"column":4},"end":{"line":8,"column":19}},{"start":{"line":9,"column":4},"end":{"line":11,"column":19}},{"start":{"line":12,"column":4},"end":{"line":14,"column":19}},{"start":{"line":15,"column":4},"end":{"line":16,"column":19}}],"line":5}},"s":{"0":1,"1":4,"2":1,"3":1,"4":1,"5":1,"6":1,"7":1,"8":1},"f":{"0":4},"b":{"0":[2],"1":[1,1,1,1]},"_coverageSchema":"1a1c01bbd47fc00a2c39e90264f33305004495a9","hash":"42fa45c58366de58bedc491b891f140f13056869"}
,"/Users/simonsankar/projects/weagenda/src/reports/model/actionTypes.js": {"path":"/Users/simonsankar/projects/weagenda/src/reports/model/actionTypes.js","statementMap":{"0":{"start":{"line":1,"column":23},"end":{"line":1,"column":32}}},"fnMap":{},"branchMap":{},"s":{"0":1},"f":{},"b":{},"_coverageSchema":"1a1c01bbd47fc00a2c39e90264f33305004495a9","hash":"17fd76d881fdc3d6c3db358070459ade7af1d93d"}
,"/Users/simonsankar/projects/weagenda/src/reports/model/actions.js": {"path":"/Users/simonsankar/projects/weagenda/src/reports/model/actions.js","statementMap":{"0":{"start":{"line":3,"column":27},"end":{"line":7,"column":1}},"1":{"start":{"line":4,"column":2},"end":{"line":6,"column":4}}},"fnMap":{"0":{"name":"(anonymous_0)","decl":{"start":{"line":3,"column":27},"end":{"line":3,"column":28}},"loc":{"start":{"line":3,"column":33},"end":{"line":7,"column":1}},"line":3}},"branchMap":{},"s":{"0":1,"1":1},"f":{"0":1},"b":{},"_coverageSchema":"1a1c01bbd47fc00a2c39e90264f33305004495a9","hash":"4381c12e5ed9148a4a0e13c5f9414e76b6db2442"}
,"/Users/simonsankar/projects/weagenda/src/reports/model/reducer.js": {"path":"/Users/simonsankar/projects/weagenda/src/reports/model/reducer.js","statementMap":{"0":{"start":{"line":3,"column":16},"end":{"line":10,"column":1}},"1":{"start":{"line":4,"column":2},"end":{"line":9,"column":3}},"2":{"start":{"line":6,"column":6},"end":{"line":6,"column":41}},"3":{"start":{"line":8,"column":6},"end":{"line":8,"column":19}}},"fnMap":{"0":{"name":"(anonymous_0)","decl":{"start":{"line":3,"column":16},"end":{"line":3,"column":17}},"loc":{"start":{"line":3,"column":56},"end":{"line":10,"column":1}},"line":3}},"branchMap":{"0":{"loc":{"start":{"line":3,"column":17},"end":{"line":3,"column":43}},"type":"default-arg","locations":[{"start":{"line":3,"column":25},"end":{"line":3,"column":43}}],"line":3},"1":{"loc":{"start":{"line":4,"column":2},"end":{"line":9,"column":3}},"type":"switch","locations":[{"start":{"line":5,"column":4},"end":{"line":6,"column":41}},{"start":{"line":7,"column":4},"end":{"line":8,"column":19}}],"line":4}},"s":{"0":1,"1":2,"2":1,"3":1},"f":{"0":2},"b":{"0":[1],"1":[1,1]},"_coverageSchema":"1a1c01bbd47fc00a2c39e90264f33305004495a9","hash":"f743168ff84ab4a369595f41b533722e119cf03f"}
,"/Users/simonsankar/projects/weagenda/src/tasks/controllers/Agenda.js": {"path":"/Users/simonsankar/projects/weagenda/src/tasks/controllers/Agenda.js","statementMap":{"0":{"start":{"line":22,"column":4},"end":{"line":25,"column":7}},"1":{"start":{"line":23,"column":6},"end":{"line":23,"column":55}},"2":{"start":{"line":24,"column":6},"end":{"line":24,"column":16}},"3":{"start":{"line":35,"column":4},"end":{"line":39,"column":7}},"4":{"start":{"line":36,"column":6},"end":{"line":36,"column":35}},"5":{"start":{"line":37,"column":6},"end":{"line":37,"column":55}},"6":{"start":{"line":38,"column":6},"end":{"line":38,"column":16}},"7":{"start":{"line":44,"column":4},"end":{"line":48,"column":6}}},"fnMap":{"0":{"name":"(anonymous_0)","decl":{"start":{"line":21,"column":2},"end":{"line":21,"column":3}},"loc":{"start":{"line":21,"column":38},"end":{"line":26,"column":3}},"line":21},"1":{"name":"(anonymous_1)","decl":{"start":{"line":22,"column":23},"end":{"line":22,"column":24}},"loc":{"start":{"line":22,"column":34},"end":{"line":25,"column":5}},"line":22},"2":{"name":"(anonymous_2)","decl":{"start":{"line":34,"column":2},"end":{"line":34,"column":3}},"loc":{"start":{"line":34,"column":16},"end":{"line":40,"column":3}},"line":34},"3":{"name":"(anonymous_3)","decl":{"start":{"line":35,"column":23},"end":{"line":35,"column":24}},"loc":{"start":{"line":35,"column":34},"end":{"line":39,"column":5}},"line":35},"4":{"name":"(anonymous_4)","decl":{"start":{"line":43,"column":2},"end":{"line":43,"column":3}},"loc":{"start":{"line":43,"column":24},"end":{"line":49,"column":3}},"line":43}},"branchMap":{"0":{"loc":{"start":{"line":21,"column":24},"end":{"line":21,"column":36}},"type":"default-arg","locations":[{"start":{"line":21,"column":32},"end":{"line":21,"column":36}}],"line":21}},"s":{"0":1,"1":1,"2":1,"3":1,"4":1,"5":1,"6":1,"7":2},"f":{"0":1,"1":1,"2":1,"3":1,"4":2},"b":{"0":[0]},"_coverageSchema":"1a1c01bbd47fc00a2c39e90264f33305004495a9","hash":"b1c5fa1a774b0152217fb36d32a6ce5a1aee2e57"}
,"/Users/simonsankar/projects/weagenda/src/tasks/controllers/Backlog.js": {"path":"/Users/simonsankar/projects/weagenda/src/tasks/controllers/Backlog.js","statementMap":{"0":{"start":{"line":7,"column":4},"end":{"line":12,"column":7}},"1":{"start":{"line":8,"column":6},"end":{"line":10,"column":8}},"2":{"start":{"line":11,"column":6},"end":{"line":11,"column":16}},"3":{"start":{"line":16,"column":4},"end":{"line":18,"column":6}}},"fnMap":{"0":{"name":"(anonymous_0)","decl":{"start":{"line":6,"column":2},"end":{"line":6,"column":3}},"loc":{"start":{"line":6,"column":26},"end":{"line":13,"column":3}},"line":6},"1":{"name":"(anonymous_1)","decl":{"start":{"line":7,"column":23},"end":{"line":7,"column":24}},"loc":{"start":{"line":7,"column":34},"end":{"line":12,"column":5}},"line":7},"2":{"name":"(anonymous_2)","decl":{"start":{"line":15,"column":2},"end":{"line":15,"column":3}},"loc":{"start":{"line":15,"column":24},"end":{"line":19,"column":3}},"line":15}},"branchMap":{},"s":{"0":1,"1":1,"2":1,"3":2},"f":{"0":1,"1":1,"2":2},"b":{},"_coverageSchema":"1a1c01bbd47fc00a2c39e90264f33305004495a9","hash":"6f60053fc14d3855d60526f14a7b9719b804afa4"}
,"/Users/simonsankar/projects/weagenda/src/tasks/controllers/Detail.js": {"path":"/Users/simonsankar/projects/weagenda/src/tasks/controllers/Detail.js","statementMap":{"0":{"start":{"line":7,"column":4},"end":{"line":7,"column":12}},"1":{"start":{"line":11,"column":4},"end":{"line":19,"column":10}},"2":{"start":{"line":30,"column":4},"end":{"line":46,"column":7}},"3":{"start":{"line":31,"column":19},"end":{"line":41,"column":7}},"4":{"start":{"line":43,"column":6},"end":{"line":43,"column":35}},"5":{"start":{"line":44,"column":6},"end":{"line":44,"column":34}},"6":{"start":{"line":45,"column":6},"end":{"line":45,"column":16}},"7":{"start":{"line":50,"column":24},"end":{"line":55,"column":5}},"8":{"start":{"line":57,"column":4},"end":{"line":57,"column":52}},"9":{"start":{"line":58,"column":4},"end":{"line":58,"column":24}},"10":{"start":{"line":59,"column":4},"end":{"line":59,"column":31}}},"fnMap":{"0":{"name":"(anonymous_0)","decl":{"start":{"line":6,"column":2},"end":{"line":6,"column":3}},"loc":{"start":{"line":6,"column":16},"end":{"line":8,"column":3}},"line":6},"1":{"name":"(anonymous_1)","decl":{"start":{"line":10,"column":2},"end":{"line":10,"column":3}},"loc":{"start":{"line":10,"column":14},"end":{"line":20,"column":3}},"line":10},"2":{"name":"(anonymous_2)","decl":{"start":{"line":22,"column":2},"end":{"line":22,"column":3}},"loc":{"start":{"line":29,"column":4},"end":{"line":47,"column":3}},"line":29},"3":{"name":"(anonymous_3)","decl":{"start":{"line":30,"column":23},"end":{"line":30,"column":24}},"loc":{"start":{"line":30,"column":34},"end":{"line":46,"column":5}},"line":30},"4":{"name":"(anonymous_4)","decl":{"start":{"line":49,"column":2},"end":{"line":49,"column":3}},"loc":{"start":{"line":49,"column":73},"end":{"line":60,"column":3}},"line":49}},"branchMap":{"0":{"loc":{"start":{"line":11,"column":11},"end":{"line":19,"column":9}},"type":"cond-expr","locations":[{"start":{"line":12,"column":8},"end":{"line":12,"column":36}},{"start":{"line":13,"column":8},"end":{"line":19,"column":9}}],"line":11},"1":{"loc":{"start":{"line":11,"column":11},"end":{"line":11,"column":40}},"type":"binary-expr","locations":[{"start":{"line":11,"column":11},"end":{"line":11,"column":27}},{"start":{"line":11,"column":31},"end":{"line":11,"column":40}}],"line":11},"2":{"loc":{"start":{"line":26,"column":4},"end":{"line":26,"column":23}},"type":"default-arg","locations":[{"start":{"line":26,"column":18},"end":{"line":26,"column":23}}],"line":26},"3":{"loc":{"start":{"line":27,"column":4},"end":{"line":27,"column":22}},"type":"default-arg","locations":[{"start":{"line":27,"column":20},"end":{"line":27,"column":22}}],"line":27},"4":{"loc":{"start":{"line":28,"column":4},"end":{"line":28,"column":29}},"type":"default-arg","locations":[{"start":{"line":28,"column":20},"end":{"line":28,"column":29}}],"line":28},"5":{"loc":{"start":{"line":35,"column":17},"end":{"line":35,"column":67}},"type":"cond-expr","locations":[{"start":{"line":35,"column":31},"end":{"line":35,"column":62}},{"start":{"line":35,"column":65},"end":{"line":35,"column":67}}],"line":35},"6":{"loc":{"start":{"line":37,"column":10},"end":{"line":39,"column":37}},"type":"cond-expr","locations":[{"start":{"line":38,"column":14},"end":{"line":38,"column":32}},{"start":{"line":39,"column":14},"end":{"line":39,"column":37}}],"line":37}},"s":{"0":3,"1":1,"2":2,"3":2,"4":2,"5":2,"6":2,"7":0,"8":0,"9":0,"10":0},"f":{"0":3,"1":1,"2":2,"3":2,"4":0},"b":{"0":[1,0],"1":[1,1],"2":[0],"3":[1],"4":[1],"5":[1,1],"6":[1,1]},"_coverageSchema":"1a1c01bbd47fc00a2c39e90264f33305004495a9","hash":"fa67f4a1e416bc0307388c0f2d0077714f0513b6"}
,"/Users/simonsankar/projects/weagenda/src/tasks/model/commandTypes.js": {"path":"/Users/simonsankar/projects/weagenda/src/tasks/model/commandTypes.js","statementMap":{"0":{"start":{"line":1,"column":24},"end":{"line":1,"column":34}},"1":{"start":{"line":2,"column":27},"end":{"line":2,"column":40}},"2":{"start":{"line":3,"column":27},"end":{"line":3,"column":40}},"3":{"start":{"line":4,"column":26},"end":{"line":4,"column":38}}},"fnMap":{},"branchMap":{},"s":{"0":4,"1":4,"2":4,"3":4},"f":{},"b":{},"_coverageSchema":"1a1c01bbd47fc00a2c39e90264f33305004495a9","hash":"0795eec75a6ff474c6f986bddce2a5e468b6c7d8"}
,"/Users/simonsankar/projects/weagenda/src/tasks/model/commands.js": {"path":"/Users/simonsankar/projects/weagenda/src/tasks/model/commands.js","statementMap":{"0":{"start":{"line":3,"column":23},"end":{"line":8,"column":1}},"1":{"start":{"line":4,"column":2},"end":{"line":7,"column":4}},"2":{"start":{"line":10,"column":26},"end":{"line":15,"column":1}},"3":{"start":{"line":11,"column":2},"end":{"line":14,"column":4}},"4":{"start":{"line":17,"column":26},"end":{"line":25,"column":1}},"5":{"start":{"line":18,"column":2},"end":{"line":24,"column":4}},"6":{"start":{"line":27,"column":25},"end":{"line":34,"column":1}},"7":{"start":{"line":28,"column":2},"end":{"line":33,"column":4}}},"fnMap":{"0":{"name":"(anonymous_0)","decl":{"start":{"line":3,"column":23},"end":{"line":3,"column":24}},"loc":{"start":{"line":3,"column":31},"end":{"line":8,"column":1}},"line":3},"1":{"name":"(anonymous_1)","decl":{"start":{"line":10,"column":26},"end":{"line":10,"column":27}},"loc":{"start":{"line":10,"column":36},"end":{"line":15,"column":1}},"line":10},"2":{"name":"(anonymous_2)","decl":{"start":{"line":17,"column":26},"end":{"line":17,"column":27}},"loc":{"start":{"line":17,"column":44},"end":{"line":25,"column":1}},"line":17},"3":{"name":"(anonymous_3)","decl":{"start":{"line":27,"column":25},"end":{"line":27,"column":26}},"loc":{"start":{"line":27,"column":35},"end":{"line":34,"column":1}},"line":27}},"branchMap":{},"s":{"0":4,"1":3,"2":4,"3":1,"4":4,"5":5,"6":4,"7":3},"f":{"0":3,"1":1,"2":5,"3":3},"b":{},"_coverageSchema":"1a1c01bbd47fc00a2c39e90264f33305004495a9","hash":"8f3fac2b8666b6050ef2286baa57e551e67949e1"}
,"/Users/simonsankar/projects/weagenda/src/tasks/model/reducer.js": {"path":"/Users/simonsankar/projects/weagenda/src/tasks/model/reducer.js","statementMap":{"0":{"start":{"line":6,"column":14},"end":{"line":57,"column":1}},"1":{"start":{"line":7,"column":16},"end":{"line":7,"column":18}},"2":{"start":{"line":8,"column":2},"end":{"line":56,"column":3}},"3":{"start":{"line":11,"column":6},"end":{"line":15,"column":9}},"4":{"start":{"line":12,"column":8},"end":{"line":14,"column":11}},"5":{"start":{"line":17,"column":26},"end":{"line":17,"column":34}},"6":{"start":{"line":18,"column":6},"end":{"line":20,"column":9}},"7":{"start":{"line":22,"column":6},"end":{"line":22,"column":58}},"8":{"start":{"line":25,"column":6},"end":{"line":29,"column":9}},"9":{"start":{"line":26,"column":8},"end":{"line":28,"column":11}},"10":{"start":{"line":31,"column":6},"end":{"line":31,"column":73}},"11":{"start":{"line":32,"column":6},"end":{"line":32,"column":37}},"12":{"start":{"line":33,"column":6},"end":{"line":33,"column":58}},"13":{"start":{"line":35,"column":6},"end":{"line":45,"column":9}},"14":{"start":{"line":36,"column":8},"end":{"line":44,"column":9}},"15":{"start":{"line":37,"column":10},"end":{"line":39,"column":13}},"16":{"start":{"line":41,"column":10},"end":{"line":43,"column":13}},"17":{"start":{"line":46,"column":6},"end":{"line":46,"column":58}},"18":{"start":{"line":48,"column":6},"end":{"line":53,"column":9}},"19":{"start":{"line":55,"column":6},"end":{"line":55,"column":19}}},"fnMap":{"0":{"name":"(anonymous_0)","decl":{"start":{"line":6,"column":14},"end":{"line":6,"column":15}},"loc":{"start":{"line":6,"column":68},"end":{"line":57,"column":1}},"line":6},"1":{"name":"(anonymous_1)","decl":{"start":{"line":11,"column":37},"end":{"line":11,"column":38}},"loc":{"start":{"line":11,"column":43},"end":{"line":15,"column":7}},"line":11},"2":{"name":"(anonymous_2)","decl":{"start":{"line":25,"column":37},"end":{"line":25,"column":38}},"loc":{"start":{"line":25,"column":43},"end":{"line":29,"column":7}},"line":25},"3":{"name":"(anonymous_3)","decl":{"start":{"line":35,"column":37},"end":{"line":35,"column":38}},"loc":{"start":{"line":35,"column":43},"end":{"line":45,"column":7}},"line":35}},"branchMap":{"0":{"loc":{"start":{"line":6,"column":15},"end":{"line":6,"column":55}},"type":"default-arg","locations":[{"start":{"line":6,"column":23},"end":{"line":6,"column":55}}],"line":6},"1":{"loc":{"start":{"line":8,"column":2},"end":{"line":56,"column":3}},"type":"switch","locations":[{"start":{"line":9,"column":4},"end":{"line":22,"column":58}},{"start":{"line":23,"column":4},"end":{"line":33,"column":58}},{"start":{"line":34,"column":4},"end":{"line":46,"column":58}},{"start":{"line":47,"column":4},"end":{"line":53,"column":9}},{"start":{"line":54,"column":4},"end":{"line":55,"column":19}}],"line":8},"2":{"loc":{"start":{"line":36,"column":8},"end":{"line":44,"column":9}},"type":"if","locations":[{"start":{"line":36,"column":8},"end":{"line":44,"column":9}},{"start":{"line":36,"column":8},"end":{"line":44,"column":9}}],"line":36}},"s":{"0":1,"1":5,"2":5,"3":1,"4":0,"5":1,"6":1,"7":1,"8":1,"9":1,"10":1,"11":1,"12":1,"13":1,"14":1,"15":1,"16":0,"17":1,"18":1,"19":1},"f":{"0":5,"1":0,"2":1,"3":1},"b":{"0":[1],"1":[1,1,1,1,1],"2":[1,0]},"_coverageSchema":"1a1c01bbd47fc00a2c39e90264f33305004495a9","hash":"2147cfba6e2304f1cf1e222a2a6cbb3517e390cf"}
,"/Users/simonsankar/projects/weagenda/src/tasks/model/selectors.js": {"path":"/Users/simonsankar/projects/weagenda/src/tasks/model/selectors.js","statementMap":{"0":{"start":{"line":3,"column":29},"end":{"line":5,"column":1}},"1":{"start":{"line":4,"column":2},"end":{"line":4,"column":44}},"2":{"start":{"line":11,"column":30},"end":{"line":20,"column":1}},"3":{"start":{"line":14,"column":4},"end":{"line":19,"column":5}},"4":{"start":{"line":16,"column":8},"end":{"line":18,"column":20}},"5":{"start":{"line":17,"column":10},"end":{"line":17,"column":69}},"6":{"start":{"line":22,"column":34},"end":{"line":36,"column":1}},"7":{"start":{"line":25,"column":4},"end":{"line":35,"column":8}},"8":{"start":{"line":26,"column":22},"end":{"line":26,"column":36}},"9":{"start":{"line":28,"column":8},"end":{"line":30,"column":9}},"10":{"start":{"line":29,"column":10},"end":{"line":29,"column":19}},"11":{"start":{"line":31,"column":8},"end":{"line":33,"column":9}},"12":{"start":{"line":32,"column":10},"end":{"line":32,"column":20}},"13":{"start":{"line":34,"column":8},"end":{"line":34,"column":17}}},"fnMap":{"0":{"name":"(anonymous_0)","decl":{"start":{"line":3,"column":29},"end":{"line":3,"column":30}},"loc":{"start":{"line":3,"column":38},"end":{"line":5,"column":1}},"line":3},"1":{"name":"(anonymous_1)","decl":{"start":{"line":13,"column":2},"end":{"line":13,"column":3}},"loc":{"start":{"line":14,"column":4},"end":{"line":19,"column":5}},"line":14},"2":{"name":"(anonymous_2)","decl":{"start":{"line":15,"column":6},"end":{"line":15,"column":7}},"loc":{"start":{"line":16,"column":8},"end":{"line":18,"column":20}},"line":16},"3":{"name":"(anonymous_3)","decl":{"start":{"line":16,"column":29},"end":{"line":16,"column":30}},"loc":{"start":{"line":17,"column":10},"end":{"line":17,"column":69}},"line":17},"4":{"name":"(anonymous_4)","decl":{"start":{"line":24,"column":2},"end":{"line":24,"column":3}},"loc":{"start":{"line":25,"column":4},"end":{"line":35,"column":8}},"line":25},"5":{"name":"(anonymous_5)","decl":{"start":{"line":26,"column":14},"end":{"line":26,"column":15}},"loc":{"start":{"line":26,"column":22},"end":{"line":26,"column":36}},"line":26},"6":{"name":"(anonymous_6)","decl":{"start":{"line":27,"column":12},"end":{"line":27,"column":13}},"loc":{"start":{"line":27,"column":22},"end":{"line":35,"column":7}},"line":27}},"branchMap":{"0":{"loc":{"start":{"line":28,"column":8},"end":{"line":30,"column":9}},"type":"if","locations":[{"start":{"line":28,"column":8},"end":{"line":30,"column":9}},{"start":{"line":28,"column":8},"end":{"line":30,"column":9}}],"line":28},"1":{"loc":{"start":{"line":31,"column":8},"end":{"line":33,"column":9}},"type":"if","locations":[{"start":{"line":31,"column":8},"end":{"line":33,"column":9}},{"start":{"line":31,"column":8},"end":{"line":33,"column":9}}],"line":31}},"s":{"0":5,"1":10,"2":5,"3":3,"4":15,"5":15,"6":5,"7":3,"8":15,"9":9,"10":3,"11":6,"12":3,"13":3},"f":{"0":10,"1":3,"2":15,"3":15,"4":3,"5":15,"6":9},"b":{"0":[3,6],"1":[3,3]},"_coverageSchema":"1a1c01bbd47fc00a2c39e90264f33305004495a9","hash":"aeaaf92dccc7ea6c7c69292a1bc74d4280c80665"}
,"/Users/simonsankar/projects/weagenda/src/tasks/views/components/Agenda.js": {"path":"/Users/simonsankar/projects/weagenda/src/tasks/views/components/Agenda.js","statementMap":{"0":{"start":{"line":15,"column":17},"end":{"line":15,"column":44}},"1":{"start":{"line":16,"column":42},"end":{"line":16,"column":54}},"2":{"start":{"line":17,"column":22},"end":{"line":21,"column":3}},"3":{"start":{"line":18,"column":4},"end":{"line":20,"column":7}},"4":{"start":{"line":23,"column":21},"end":{"line":40,"column":3}},"5":{"start":{"line":25,"column":4},"end":{"line":27,"column":5}},"6":{"start":{"line":26,"column":6},"end":{"line":26,"column":29}},"7":{"start":{"line":28,"column":4},"end":{"line":39,"column":6}},"8":{"start":{"line":32,"column":23},"end":{"line":32,"column":41}},"9":{"start":{"line":42,"column":2},"end":{"line":58,"column":4}},"10":{"start":{"line":61,"column":21},"end":{"line":70,"column":2}}},"fnMap":{"0":{"name":"(anonymous_0)","decl":{"start":{"line":6,"column":15},"end":{"line":6,"column":16}},"loc":{"start":{"line":14,"column":6},"end":{"line":59,"column":1}},"line":14},"1":{"name":"(anonymous_1)","decl":{"start":{"line":17,"column":22},"end":{"line":17,"column":23}},"loc":{"start":{"line":17,"column":31},"end":{"line":21,"column":3}},"line":17},"2":{"name":"(anonymous_2)","decl":{"start":{"line":23,"column":21},"end":{"line":23,"column":22}},"loc":{"start":{"line":23,"column":40},"end":{"line":40,"column":3}},"line":23},"3":{"name":"(anonymous_3)","decl":{"start":{"line":32,"column":17},"end":{"line":32,"column":18}},"loc":{"start":{"line":32,"column":23},"end":{"line":32,"column":41}},"line":32}},"branchMap":{"0":{"loc":{"start":{"line":25,"column":4},"end":{"line":27,"column":5}},"type":"if","locations":[{"start":{"line":25,"column":4},"end":{"line":27,"column":5}},{"start":{"line":25,"column":4},"end":{"line":27,"column":5}}],"line":25},"1":{"loc":{"start":{"line":25,"column":8},"end":{"line":25,"column":49}},"type":"binary-expr","locations":[{"start":{"line":25,"column":8},"end":{"line":25,"column":19}},{"start":{"line":25,"column":23},"end":{"line":25,"column":49}}],"line":25},"2":{"loc":{"start":{"line":37,"column":16},"end":{"line":37,"column":57}},"type":"binary-expr","locations":[{"start":{"line":37,"column":16},"end":{"line":37,"column":27}},{"start":{"line":37,"column":31},"end":{"line":37,"column":57}}],"line":37},"3":{"loc":{"start":{"line":44,"column":7},"end":{"line":50,"column":14}},"type":"cond-expr","locations":[{"start":{"line":45,"column":8},"end":{"line":49,"column":10}},{"start":{"line":50,"column":10},"end":{"line":50,"column":14}}],"line":44}},"s":{"0":1,"1":1,"2":1,"3":0,"4":1,"5":0,"6":0,"7":0,"8":0,"9":1,"10":1},"f":{"0":1,"1":0,"2":0,"3":0},"b":{"0":[0,0],"1":[0,0],"2":[0,0],"3":[1,0]},"_coverageSchema":"1a1c01bbd47fc00a2c39e90264f33305004495a9","hash":"7edcb81a860dac713068d17b7fa08775abbe7517"}
,"/Users/simonsankar/projects/weagenda/src/tasks/views/components/AgendaItem.js": {"path":"/Users/simonsankar/projects/weagenda/src/tasks/views/components/AgendaItem.js","statementMap":{"0":{"start":{"line":14,"column":17},"end":{"line":93,"column":1}},"1":{"start":{"line":24,"column":33},"end":{"line":24,"column":48}},"2":{"start":{"line":25,"column":17},"end":{"line":25,"column":44}},"3":{"start":{"line":26,"column":25},"end":{"line":30,"column":3}},"4":{"start":{"line":31,"column":22},"end":{"line":35,"column":3}},"5":{"start":{"line":37,"column":2},"end":{"line":92,"column":4}},"6":{"start":{"line":49,"column":14},"end":{"line":49,"column":71}},"7":{"start":{"line":85,"column":14},"end":{"line":85,"column":31}},"8":{"start":{"line":86,"column":14},"end":{"line":86,"column":37}},"9":{"start":{"line":95,"column":21},"end":{"line":139,"column":2}}},"fnMap":{"0":{"name":"(anonymous_0)","decl":{"start":{"line":14,"column":17},"end":{"line":14,"column":18}},"loc":{"start":{"line":23,"column":6},"end":{"line":93,"column":1}},"line":23},"1":{"name":"(anonymous_1)","decl":{"start":{"line":48,"column":22},"end":{"line":48,"column":23}},"loc":{"start":{"line":49,"column":14},"end":{"line":49,"column":71}},"line":49},"2":{"name":"(anonymous_2)","decl":{"start":{"line":84,"column":21},"end":{"line":84,"column":22}},"loc":{"start":{"line":84,"column":27},"end":{"line":87,"column":13}},"line":84}},"branchMap":{"0":{"loc":{"start":{"line":42,"column":14},"end":{"line":42,"column":59}},"type":"cond-expr","locations":[{"start":{"line":42,"column":24},"end":{"line":42,"column":33}},{"start":{"line":42,"column":36},"end":{"line":42,"column":59}}],"line":42},"1":{"loc":{"start":{"line":42,"column":36},"end":{"line":42,"column":59}},"type":"cond-expr","locations":[{"start":{"line":42,"column":45},"end":{"line":42,"column":52}},{"start":{"line":42,"column":55},"end":{"line":42,"column":59}}],"line":42},"2":{"loc":{"start":{"line":57,"column":19},"end":{"line":57,"column":44}},"type":"binary-expr","locations":[{"start":{"line":57,"column":19},"end":{"line":57,"column":26}},{"start":{"line":57,"column":30},"end":{"line":57,"column":44}}],"line":57},"3":{"loc":{"start":{"line":62,"column":13},"end":{"line":64,"column":20}},"type":"cond-expr","locations":[{"start":{"line":63,"column":16},"end":{"line":63,"column":47}},{"start":{"line":64,"column":16},"end":{"line":64,"column":20}}],"line":62},"4":{"loc":{"start":{"line":65,"column":13},"end":{"line":67,"column":20}},"type":"cond-expr","locations":[{"start":{"line":66,"column":16},"end":{"line":66,"column":50}},{"start":{"line":67,"column":16},"end":{"line":67,"column":20}}],"line":65},"5":{"loc":{"start":{"line":72,"column":13},"end":{"line":72,"column":74}},"type":"cond-expr","locations":[{"start":{"line":72,"column":39},"end":{"line":72,"column":67}},{"start":{"line":72,"column":70},"end":{"line":72,"column":74}}],"line":72},"6":{"loc":{"start":{"line":73,"column":13},"end":{"line":73,"column":79}},"type":"cond-expr","locations":[{"start":{"line":73,"column":41},"end":{"line":73,"column":72}},{"start":{"line":73,"column":75},"end":{"line":73,"column":79}}],"line":73}},"s":{"0":2,"1":4,"2":4,"3":4,"4":4,"5":4,"6":1,"7":1,"8":1,"9":2},"f":{"0":4,"1":1,"2":1},"b":{"0":[1,3],"1":[0,3],"2":[4,1],"3":[0,4],"4":[0,4],"5":[0,4],"6":[0,4]},"_coverageSchema":"1a1c01bbd47fc00a2c39e90264f33305004495a9","hash":"4485e4bac562f83383b0cc664ad7ce6c625aa880"}
,"/Users/simonsankar/projects/weagenda/src/tasks/views/components/CurrentTask.js": {"path":"/Users/simonsankar/projects/weagenda/src/tasks/views/components/CurrentTask.js","statementMap":{"0":{"start":{"line":13,"column":20},"end":{"line":31,"column":1}},"1":{"start":{"line":14,"column":24},"end":{"line":14,"column":32}},"2":{"start":{"line":17,"column":2},"end":{"line":19,"column":17}},"3":{"start":{"line":18,"column":4},"end":{"line":18,"column":37}},"4":{"start":{"line":22,"column":2},"end":{"line":30,"column":14}},"5":{"start":{"line":24,"column":6},"end":{"line":24,"column":30}},"6":{"start":{"line":26,"column":4},"end":{"line":29,"column":5}},"7":{"start":{"line":27,"column":15},"end":{"line":27,"column":39}},"8":{"start":{"line":28,"column":6},"end":{"line":28,"column":37}},"9":{"start":{"line":28,"column":19},"end":{"line":28,"column":36}},"10":{"start":{"line":34,"column":17},"end":{"line":34,"column":44}},"11":{"start":{"line":35,"column":2},"end":{"line":35,"column":73}},"12":{"start":{"line":37,"column":20},"end":{"line":37,"column":42}},"13":{"start":{"line":38,"column":12},"end":{"line":38,"column":20}},"14":{"start":{"line":39,"column":13},"end":{"line":39,"column":43}},"15":{"start":{"line":41,"column":28},"end":{"line":41,"column":38}},"16":{"start":{"line":42,"column":2},"end":{"line":44,"column":29}},"17":{"start":{"line":43,"column":4},"end":{"line":43,"column":36}},"18":{"start":{"line":46,"column":2},"end":{"line":48,"column":11}},"19":{"start":{"line":47,"column":4},"end":{"line":47,"column":24}},"20":{"start":{"line":50,"column":14},"end":{"line":50,"column":40}},"21":{"start":{"line":51,"column":16},"end":{"line":51,"column":45}},"22":{"start":{"line":52,"column":16},"end":{"line":52,"column":26}},"23":{"start":{"line":54,"column":2},"end":{"line":81,"column":4}},"24":{"start":{"line":84,"column":21},"end":{"line":115,"column":2}}},"fnMap":{"0":{"name":"(anonymous_0)","decl":{"start":{"line":13,"column":20},"end":{"line":13,"column":21}},"loc":{"start":{"line":13,"column":41},"end":{"line":31,"column":1}},"line":13},"1":{"name":"(anonymous_1)","decl":{"start":{"line":17,"column":12},"end":{"line":17,"column":13}},"loc":{"start":{"line":17,"column":18},"end":{"line":19,"column":3}},"line":17},"2":{"name":"(anonymous_2)","decl":{"start":{"line":22,"column":12},"end":{"line":22,"column":13}},"loc":{"start":{"line":22,"column":18},"end":{"line":30,"column":3}},"line":22},"3":{"name":"tick","decl":{"start":{"line":23,"column":13},"end":{"line":23,"column":17}},"loc":{"start":{"line":23,"column":20},"end":{"line":25,"column":5}},"line":23},"4":{"name":"(anonymous_4)","decl":{"start":{"line":28,"column":13},"end":{"line":28,"column":14}},"loc":{"start":{"line":28,"column":19},"end":{"line":28,"column":36}},"line":28},"5":{"name":"(anonymous_5)","decl":{"start":{"line":33,"column":15},"end":{"line":33,"column":16}},"loc":{"start":{"line":33,"column":59},"end":{"line":82,"column":1}},"line":33},"6":{"name":"(anonymous_6)","decl":{"start":{"line":42,"column":12},"end":{"line":42,"column":13}},"loc":{"start":{"line":42,"column":18},"end":{"line":44,"column":3}},"line":42},"7":{"name":"(anonymous_7)","decl":{"start":{"line":46,"column":14},"end":{"line":46,"column":15}},"loc":{"start":{"line":46,"column":20},"end":{"line":48,"column":3}},"line":46}},"branchMap":{"0":{"loc":{"start":{"line":26,"column":4},"end":{"line":29,"column":5}},"type":"if","locations":[{"start":{"line":26,"column":4},"end":{"line":29,"column":5}},{"start":{"line":26,"column":4},"end":{"line":29,"column":5}}],"line":26},"1":{"loc":{"start":{"line":35,"column":9},"end":{"line":35,"column":72}},"type":"cond-expr","locations":[{"start":{"line":35,"column":30},"end":{"line":35,"column":65}},{"start":{"line":35,"column":68},"end":{"line":35,"column":72}}],"line":35},"2":{"loc":{"start":{"line":64,"column":13},"end":{"line":64,"column":47}},"type":"cond-expr","locations":[{"start":{"line":64,"column":25},"end":{"line":64,"column":40}},{"start":{"line":64,"column":43},"end":{"line":64,"column":47}}],"line":64},"3":{"loc":{"start":{"line":65,"column":13},"end":{"line":65,"column":52}},"type":"cond-expr","locations":[{"start":{"line":65,"column":27},"end":{"line":65,"column":45}},{"start":{"line":65,"column":48},"end":{"line":65,"column":52}}],"line":65}},"s":{"0":2,"1":4,"2":4,"3":4,"4":4,"5":0,"6":2,"7":2,"8":2,"9":1,"10":4,"11":4,"12":4,"13":4,"14":4,"15":4,"16":4,"17":2,"18":4,"19":0,"20":4,"21":4,"22":4,"23":4,"24":2},"f":{"0":4,"1":4,"2":2,"3":0,"4":1,"5":4,"6":2,"7":0},"b":{"0":[2,0],"1":[0,4],"2":[0,4],"3":[0,4]},"_coverageSchema":"1a1c01bbd47fc00a2c39e90264f33305004495a9","hash":"d2e5925d437197a73c0b2d54adf2e6aefd9735a4"}
,"/Users/simonsankar/projects/weagenda/src/tasks/views/components/DetailTopBar.js": {"path":"/Users/simonsankar/projects/weagenda/src/tasks/views/components/DetailTopBar.js","statementMap":{"0":{"start":{"line":10,"column":2},"end":{"line":10,"column":51}},"1":{"start":{"line":12,"column":17},"end":{"line":14,"column":3}},"2":{"start":{"line":13,"column":4},"end":{"line":13,"column":24}},"3":{"start":{"line":16,"column":21},"end":{"line":18,"column":3}},"4":{"start":{"line":17,"column":4},"end":{"line":17,"column":68}},"5":{"start":{"line":20,"column":21},"end":{"line":26,"column":3}},"6":{"start":{"line":21,"column":23},"end":{"line":23,"column":5}},"7":{"start":{"line":22,"column":6},"end":{"line":22,"column":60}},"8":{"start":{"line":25,"column":4},"end":{"line":25,"column":73}},"9":{"start":{"line":28,"column":2},"end":{"line":38,"column":4}}},"fnMap":{"0":{"name":"(anonymous_0)","decl":{"start":{"line":9,"column":15},"end":{"line":9,"column":16}},"loc":{"start":{"line":9,"column":49},"end":{"line":39,"column":1}},"line":9},"1":{"name":"(anonymous_1)","decl":{"start":{"line":12,"column":17},"end":{"line":12,"column":18}},"loc":{"start":{"line":12,"column":23},"end":{"line":14,"column":3}},"line":12},"2":{"name":"(anonymous_2)","decl":{"start":{"line":16,"column":21},"end":{"line":16,"column":22}},"loc":{"start":{"line":17,"column":4},"end":{"line":17,"column":68}},"line":17},"3":{"name":"(anonymous_3)","decl":{"start":{"line":20,"column":21},"end":{"line":20,"column":22}},"loc":{"start":{"line":20,"column":27},"end":{"line":26,"column":3}},"line":20},"4":{"name":"(anonymous_4)","decl":{"start":{"line":21,"column":23},"end":{"line":21,"column":24}},"loc":{"start":{"line":21,"column":29},"end":{"line":23,"column":5}},"line":21}},"branchMap":{"0":{"loc":{"start":{"line":10,"column":10},"end":{"line":10,"column":50}},"type":"cond-expr","locations":[{"start":{"line":10,"column":32},"end":{"line":10,"column":42}},{"start":{"line":10,"column":45},"end":{"line":10,"column":50}}],"line":10}},"s":{"0":9,"1":9,"2":0,"3":9,"4":9,"5":9,"6":9,"7":0,"8":9,"9":9},"f":{"0":9,"1":0,"2":9,"3":9,"4":0},"b":{"0":[9,0]},"_coverageSchema":"1a1c01bbd47fc00a2c39e90264f33305004495a9","hash":"a77b8ff7e05329ded8e499ee930acce211528cee"}
,"/Users/simonsankar/projects/weagenda/src/tasks/views/screens/Detail.js": {"path":"/Users/simonsankar/projects/weagenda/src/tasks/views/screens/Detail.js","statementMap":{"0":{"start":{"line":24,"column":17},"end":{"line":24,"column":44}},"1":{"start":{"line":25,"column":13},"end":{"line":25,"column":29}},"2":{"start":{"line":26,"column":15},"end":{"line":26,"column":26}},"3":{"start":{"line":28,"column":20},"end":{"line":28,"column":40}},"4":{"start":{"line":29,"column":26},"end":{"line":36,"column":4}},"5":{"start":{"line":37,"column":40},"end":{"line":43,"column":4}},"6":{"start":{"line":45,"column":19},"end":{"line":59,"column":3}},"7":{"start":{"line":46,"column":20},"end":{"line":46,"column":41}},"8":{"start":{"line":47,"column":4},"end":{"line":47,"column":25}},"9":{"start":{"line":48,"column":4},"end":{"line":48,"column":26}},"10":{"start":{"line":49,"column":4},"end":{"line":58,"column":5}},"11":{"start":{"line":50,"column":6},"end":{"line":57,"column":40}},"12":{"start":{"line":57,"column":19},"end":{"line":57,"column":38}},"13":{"start":{"line":61,"column":21},"end":{"line":61,"column":32}},"14":{"start":{"line":63,"column":2},"end":{"line":166,"column":4}},"15":{"start":{"line":76,"column":16},"end":{"line":76,"column":49}},"16":{"start":{"line":77,"column":16},"end":{"line":77,"column":29}},"17":{"start":{"line":93,"column":20},"end":{"line":93,"column":60}},"18":{"start":{"line":94,"column":20},"end":{"line":94,"column":33}},"19":{"start":{"line":111,"column":20},"end":{"line":111,"column":51}},"20":{"start":{"line":112,"column":20},"end":{"line":112,"column":47}},"21":{"start":{"line":115,"column":20},"end":{"line":115,"column":64}},"22":{"start":{"line":127,"column":35},"end":{"line":127,"column":73}},"23":{"start":{"line":137,"column":16},"end":{"line":137,"column":40}},"24":{"start":{"line":138,"column":16},"end":{"line":138,"column":42}},"25":{"start":{"line":149,"column":31},"end":{"line":149,"column":55}},"26":{"start":{"line":169,"column":21},"end":{"line":209,"column":2}}},"fnMap":{"0":{"name":"(anonymous_0)","decl":{"start":{"line":23,"column":15},"end":{"line":23,"column":16}},"loc":{"start":{"line":23,"column":57},"end":{"line":167,"column":1}},"line":23},"1":{"name":"(anonymous_1)","decl":{"start":{"line":45,"column":19},"end":{"line":45,"column":20}},"loc":{"start":{"line":45,"column":25},"end":{"line":59,"column":3}},"line":45},"2":{"name":"(anonymous_2)","decl":{"start":{"line":57,"column":13},"end":{"line":57,"column":14}},"loc":{"start":{"line":57,"column":19},"end":{"line":57,"column":38}},"line":57},"3":{"name":"(anonymous_3)","decl":{"start":{"line":75,"column":28},"end":{"line":75,"column":29}},"loc":{"start":{"line":75,"column":35},"end":{"line":78,"column":15}},"line":75},"4":{"name":"(anonymous_4)","decl":{"start":{"line":92,"column":32},"end":{"line":92,"column":33}},"loc":{"start":{"line":92,"column":39},"end":{"line":95,"column":19}},"line":92},"5":{"name":"(anonymous_5)","decl":{"start":{"line":110,"column":28},"end":{"line":110,"column":29}},"loc":{"start":{"line":110,"column":37},"end":{"line":113,"column":19}},"line":110},"6":{"name":"(anonymous_6)","decl":{"start":{"line":114,"column":33},"end":{"line":114,"column":34}},"loc":{"start":{"line":115,"column":20},"end":{"line":115,"column":64}},"line":115},"7":{"name":"(anonymous_7)","decl":{"start":{"line":127,"column":28},"end":{"line":127,"column":29}},"loc":{"start":{"line":127,"column":35},"end":{"line":127,"column":73}},"line":127},"8":{"name":"(anonymous_8)","decl":{"start":{"line":136,"column":24},"end":{"line":136,"column":25}},"loc":{"start":{"line":136,"column":31},"end":{"line":139,"column":15}},"line":136},"9":{"name":"(anonymous_9)","decl":{"start":{"line":149,"column":25},"end":{"line":149,"column":26}},"loc":{"start":{"line":149,"column":31},"end":{"line":149,"column":55}},"line":149}},"branchMap":{"0":{"loc":{"start":{"line":49,"column":4},"end":{"line":58,"column":5}},"type":"if","locations":[{"start":{"line":49,"column":4},"end":{"line":58,"column":5}},{"start":{"line":49,"column":4},"end":{"line":58,"column":5}}],"line":49},"1":{"loc":{"start":{"line":49,"column":8},"end":{"line":49,"column":41}},"type":"binary-expr","locations":[{"start":{"line":49,"column":8},"end":{"line":49,"column":19}},{"start":{"line":49,"column":23},"end":{"line":49,"column":41}}],"line":49},"2":{"loc":{"start":{"line":79,"column":22},"end":{"line":79,"column":46}},"type":"binary-expr","locations":[{"start":{"line":79,"column":22},"end":{"line":79,"column":34}},{"start":{"line":79,"column":38},"end":{"line":79,"column":46}}],"line":79},"3":{"loc":{"start":{"line":80,"column":27},"end":{"line":80,"column":52}},"type":"binary-expr","locations":[{"start":{"line":80,"column":27},"end":{"line":80,"column":39}},{"start":{"line":80,"column":43},"end":{"line":80,"column":52}}],"line":80},"4":{"loc":{"start":{"line":81,"column":23},"end":{"line":81,"column":62}},"type":"binary-expr","locations":[{"start":{"line":81,"column":23},"end":{"line":81,"column":35}},{"start":{"line":81,"column":39},"end":{"line":81,"column":62}}],"line":81},"5":{"loc":{"start":{"line":96,"column":26},"end":{"line":96,"column":57}},"type":"binary-expr","locations":[{"start":{"line":96,"column":26},"end":{"line":96,"column":45}},{"start":{"line":96,"column":49},"end":{"line":96,"column":57}}],"line":96},"6":{"loc":{"start":{"line":97,"column":31},"end":{"line":97,"column":63}},"type":"binary-expr","locations":[{"start":{"line":97,"column":31},"end":{"line":97,"column":50}},{"start":{"line":97,"column":54},"end":{"line":97,"column":63}}],"line":97},"7":{"loc":{"start":{"line":99,"column":20},"end":{"line":99,"column":75}},"type":"binary-expr","locations":[{"start":{"line":99,"column":20},"end":{"line":99,"column":39}},{"start":{"line":99,"column":43},"end":{"line":99,"column":75}}],"line":99}},"s":{"0":9,"1":9,"2":9,"3":9,"4":9,"5":9,"6":9,"7":4,"8":4,"9":4,"10":4,"11":1,"12":1,"13":9,"14":9,"15":3,"16":3,"17":1,"18":1,"19":0,"20":0,"21":18,"22":0,"23":0,"24":0,"25":0,"26":1},"f":{"0":9,"1":4,"2":1,"3":3,"4":1,"5":0,"6":18,"7":0,"8":0,"9":0},"b":{"0":[1,3],"1":[4,4],"2":[9,0],"3":[9,0],"4":[9,0],"5":[9,3],"6":[9,3],"7":[9,3]},"_coverageSchema":"1a1c01bbd47fc00a2c39e90264f33305004495a9","hash":"f2f14aca5f5a06cff4eee6e1bea24ef16a9ff89e"}
,"/Users/simonsankar/projects/weagenda/src/views/components/Icons.js": {"path":"/Users/simonsankar/projects/weagenda/src/views/components/Icons.js","statementMap":{"0":{"start":{"line":5,"column":25},"end":{"line":7,"column":1}},"1":{"start":{"line":6,"column":2},"end":{"line":6,"column":51}},"2":{"start":{"line":8,"column":29},"end":{"line":10,"column":1}},"3":{"start":{"line":9,"column":2},"end":{"line":9,"column":55}},"4":{"start":{"line":11,"column":32},"end":{"line":13,"column":1}},"5":{"start":{"line":12,"column":2},"end":{"line":12,"column":43}},"6":{"start":{"line":15,"column":35},"end":{"line":17,"column":1}},"7":{"start":{"line":16,"column":2},"end":{"line":16,"column":46}},"8":{"start":{"line":19,"column":24},"end":{"line":19,"column":64}},"9":{"start":{"line":19,"column":33},"end":{"line":19,"column":64}},"10":{"start":{"line":21,"column":28},"end":{"line":21,"column":72}},"11":{"start":{"line":21,"column":37},"end":{"line":21,"column":72}},"12":{"start":{"line":23,"column":35},"end":{"line":25,"column":1}},"13":{"start":{"line":24,"column":2},"end":{"line":24,"column":45}},"14":{"start":{"line":27,"column":28},"end":{"line":29,"column":1}},"15":{"start":{"line":28,"column":2},"end":{"line":28,"column":45}},"16":{"start":{"line":31,"column":32},"end":{"line":33,"column":1}},"17":{"start":{"line":32,"column":2},"end":{"line":32,"column":50}},"18":{"start":{"line":35,"column":25},"end":{"line":35,"column":74}},"19":{"start":{"line":35,"column":34},"end":{"line":35,"column":74}},"20":{"start":{"line":37,"column":25},"end":{"line":37,"column":66}},"21":{"start":{"line":37,"column":34},"end":{"line":37,"column":66}},"22":{"start":{"line":39,"column":23},"end":{"line":39,"column":70}},"23":{"start":{"line":39,"column":32},"end":{"line":39,"column":70}},"24":{"start":{"line":41,"column":26},"end":{"line":41,"column":77}},"25":{"start":{"line":41,"column":35},"end":{"line":41,"column":77}},"26":{"start":{"line":42,"column":26},"end":{"line":42,"column":76}},"27":{"start":{"line":42,"column":35},"end":{"line":42,"column":76}},"28":{"start":{"line":44,"column":26},"end":{"line":44,"column":76}},"29":{"start":{"line":44,"column":35},"end":{"line":44,"column":76}},"30":{"start":{"line":46,"column":26},"end":{"line":46,"column":68}},"31":{"start":{"line":46,"column":35},"end":{"line":46,"column":68}},"32":{"start":{"line":48,"column":24},"end":{"line":48,"column":72}},"33":{"start":{"line":48,"column":33},"end":{"line":48,"column":72}},"34":{"start":{"line":50,"column":26},"end":{"line":50,"column":76}},"35":{"start":{"line":50,"column":35},"end":{"line":50,"column":76}},"36":{"start":{"line":52,"column":24},"end":{"line":52,"column":64}},"37":{"start":{"line":52,"column":33},"end":{"line":52,"column":64}},"38":{"start":{"line":54,"column":24},"end":{"line":54,"column":64}},"39":{"start":{"line":54,"column":33},"end":{"line":54,"column":64}},"40":{"start":{"line":56,"column":32},"end":{"line":58,"column":1}},"41":{"start":{"line":57,"column":2},"end":{"line":57,"column":42}},"42":{"start":{"line":60,"column":27},"end":{"line":60,"column":77}},"43":{"start":{"line":60,"column":36},"end":{"line":60,"column":77}},"44":{"start":{"line":61,"column":24},"end":{"line":61,"column":71}},"45":{"start":{"line":61,"column":33},"end":{"line":61,"column":71}},"46":{"start":{"line":62,"column":26},"end":{"line":62,"column":79}},"47":{"start":{"line":62,"column":35},"end":{"line":62,"column":79}},"48":{"start":{"line":64,"column":26},"end":{"line":64,"column":68}},"49":{"start":{"line":64,"column":35},"end":{"line":64,"column":68}},"50":{"start":{"line":66,"column":28},"end":{"line":68,"column":1}},"51":{"start":{"line":67,"column":2},"end":{"line":67,"column":45}},"52":{"start":{"line":69,"column":27},"end":{"line":69,"column":76}},"53":{"start":{"line":69,"column":36},"end":{"line":69,"column":76}},"54":{"start":{"line":71,"column":24},"end":{"line":71,"column":64}},"55":{"start":{"line":71,"column":33},"end":{"line":71,"column":64}},"56":{"start":{"line":73,"column":31},"end":{"line":73,"column":79}},"57":{"start":{"line":73,"column":40},"end":{"line":73,"column":79}},"58":{"start":{"line":75,"column":31},"end":{"line":77,"column":1}},"59":{"start":{"line":76,"column":2},"end":{"line":76,"column":48}},"60":{"start":{"line":79,"column":25},"end":{"line":79,"column":66}},"61":{"start":{"line":79,"column":34},"end":{"line":79,"column":66}},"62":{"start":{"line":81,"column":29},"end":{"line":81,"column":69}},"63":{"start":{"line":81,"column":38},"end":{"line":81,"column":69}},"64":{"start":{"line":83,"column":33},"end":{"line":83,"column":78}},"65":{"start":{"line":83,"column":42},"end":{"line":83,"column":78}},"66":{"start":{"line":85,"column":31},"end":{"line":85,"column":73}},"67":{"start":{"line":85,"column":40},"end":{"line":85,"column":73}},"68":{"start":{"line":87,"column":35},"end":{"line":89,"column":1}},"69":{"start":{"line":88,"column":2},"end":{"line":88,"column":40}},"70":{"start":{"line":91,"column":33},"end":{"line":91,"column":77}},"71":{"start":{"line":91,"column":42},"end":{"line":91,"column":77}},"72":{"start":{"line":93,"column":37},"end":{"line":95,"column":1}},"73":{"start":{"line":94,"column":2},"end":{"line":94,"column":42}},"74":{"start":{"line":97,"column":34},"end":{"line":97,"column":79}},"75":{"start":{"line":97,"column":43},"end":{"line":97,"column":79}},"76":{"start":{"line":99,"column":38},"end":{"line":101,"column":1}},"77":{"start":{"line":100,"column":2},"end":{"line":100,"column":43}},"78":{"start":{"line":103,"
[...]
"line":258,"column":2},"end":{"line":258,"column":41}},"182":{"start":{"line":261,"column":38},"end":{"line":263,"column":1}},"183":{"start":{"line":262,"column":2},"end":{"line":262,"column":43}},"184":{"start":{"line":265,"column":42},"end":{"line":267,"column":1}},"185":{"start":{"line":266,"column":2},"end":{"line":266,"column":48}},"186":{"start":{"line":269,"column":24},"end":{"line":269,"column":64}},"187":{"start":{"line":269,"column":33},"end":{"line":269,"column":64}}},"fnMap":{"0":{"name":"(anonymous_0)","decl":{"start":{"line":5,"column":25},"end":{"line":5,"column":26}},"loc":{"start":{"line":6,"column":2},"end":{"line":6,"column":51}},"line":6},"1":{"name":"(anonymous_1)","decl":{"start":{"line":8,"column":29},"end":{"line":8,"column":30}},"loc":{"start":{"line":9,"column":2},"end":{"line":9,"column":55}},"line":9},"2":{"name":"(anonymous_2)","decl":{"start":{"line":11,"column":32},"end":{"line":11,"column":33}},"loc":{"start":{"line":12,"column":2},"end":{"line":12,"column":43}},"line":12},"3":{"name":"(anonymous_3)","decl":{"start":{"line":15,"column":35},"end":{"line":15,"column":36}},"loc":{"start":{"line":16,"column":2},"end":{"line":16,"column":46}},"line":16},"4":{"name":"(anonymous_4)","decl":{"start":{"line":19,"column":24},"end":{"line":19,"column":25}},"loc":{"start":{"line":19,"column":33},"end":{"line":19,"column":64}},"line":19},"5":{"name":"(anonymous_5)","decl":{"start":{"line":21,"column":28},"end":{"line":21,"column":29}},"loc":{"start":{"line":21,"column":37},"end":{"line":21,"column":72}},"line":21},"6":{"name":"(anonymous_6)","decl":{"start":{"line":23,"column":35},"end":{"line":23,"column":36}},"loc":{"start":{"line":24,"column":2},"end":{"line":24,"column":45}},"line":24},"7":{"name":"(anonymous_7)","decl":{"start":{"line":27,"column":28},"end":{"line":27,"column":29}},"loc":{"start":{"line":28,"column":2},"end":{"line":28,"column":45}},"line":28},"8":{"name":"(anonymous_8)","decl":{"start":{"line":31,"column":32},"end":{"line":31,"column":33}},"loc":{"start":{"line":32,"column":2},"end":{"line":32,"column":50}},"line":32},"9":{"name":"(anonymous_9)","decl":{"start":{"line":35,"column":25},"end":{"line":35,"column":26}},"loc":{"start":{"line":35,"column":34},"end":{"line":35,"column":74}},"line":35},"10":{"name":"(anonymous_10)","decl":{"start":{"line":37,"column":25},"end":{"line":37,"column":26}},"loc":{"start":{"line":37,"column":34},"end":{"line":37,"column":66}},"line":37},"11":{"name":"(anonymous_11)","decl":{"start":{"line":39,"column":23},"end":{"line":39,"column":24}},"loc":{"start":{"line":39,"column":32},"end":{"line":39,"column":70}},"line":39},"12":{"name":"(anonymous_12)","decl":{"start":{"line":41,"column":26},"end":{"line":41,"column":27}},"loc":{"start":{"line":41,"column":35},"end":{"line":41,"column":77}},"line":41},"13":{"name":"(anonymous_13)","decl":{"start":{"line":42,"column":26},"end":{"line":42,"column":27}},"loc":{"start":{"line":42,"column":35},"end":{"line":42,"column":76}},"line":42},"14":{"name":"(anonymous_14)","decl":{"start":{"line":44,"column":26},"end":{"line":44,"column":27}},"loc":{"start":{"line":44,"column":35},"end":{"line":44,"column":76}},"line":44},"15":{"name":"(anonymous_15)","decl":{"start":{"line":46,"column":26},"end":{"line":46,"column":27}},"loc":{"start":{"line":46,"column":35},"end":{"line":46,"column":68}},"line":46},"16":{"name":"(anonymous_16)","decl":{"start":{"line":48,"column":24},"end":{"line":48,"column":25}},"loc":{"start":{"line":48,"column":33},"end":{"line":48,"column":72}},"line":48},"17":{"name":"(anonymous_17)","decl":{"start":{"line":50,"column":26},"end":{"line":50,"column":27}},"loc":{"start":{"line":50,"column":35},"end":{"line":50,"column":76}},"line":50},"18":{"name":"(anonymous_18)","decl":{"start":{"line":52,"column":24},"end":{"line":52,"column":25}},"loc":{"start":{"line":52,"column":33},"end":{"line":52,"column":64}},"line":52},"19":{"name":"(anonymous_19)","decl":{"start":{"line":54,"column":24},"end":{"line":54,"column":25}},"loc":{"start":{"line":54,"column":33},"end":{"line":54,"column":64}},"line":54},"20":{"name":"(anonymous_20)","decl":{"start":{"line":56,"column":32},"end":{"line":56,"column":33}},"loc":{"start":{"line":57,"column":2},"end":{"line":57,"column":42}},"line":57},"21":{"name":"(anonymous_21)","decl":{"start":{"line":60,"column":27},"end":{"line":60,"column":28}},"loc":{"start":{"line":60,"column":36},"end":{"line":60,"column":77}},"line":60},"22":{"name":"(anonymous_22)","decl":{"start":{"line":61,"column":24},"end":{"line":61,"column":25}},"loc":{"start":{"line":61,"column":33},"end":{"line":61,"column":71}},"line":61},"23":{"name":"(anonymous_23)","decl":{"start":{"line":62,"column":26},"end":{"line":62,"column":27}},"loc":{"start":{"line":62,"column":35},"end":{"line":62,"column":79}},"line":62},"24":{"name":"(anonymous_24)","decl":{"start":{"line":64,"column":26},"end":{"line":64,"column":27}},"loc":{"start":{"line":64,"column":35},"end":{"line":64,"column":68}},"line":64},"25":{"name":"(anonymous_25)","decl":{"start":{"line":66,"column":28},"end":{"line":66,"column":29}},"loc":{"start":{"line":67,"column":2},"end":{"line":67,"column":45}},"line":67},"26":{"name":"(anonymous_26)","decl":{"start":{"line":69,"column":27},"end":{"line":69,"column":28}},"loc":{"start":{"line":69,"column":36},"end":{"line":69,"column":76}},"line":69},"27":{"name":"(anonymous_27)","decl":{"start":{"line":71,"column":24},"end":{"line":71,"column":25}},"loc":{"start":{"line":71,"column":33},"end":{"line":71,"column":64}},"line":71},"28":{"name":"(anonymous_28)","decl":{"start":{"line":73,"column":31},"end":{"line":73,"column":32}},"loc":{"start":{"line":73,"column":40},"end":{"line":73,"column":79}},"line":73},"29":{"name":"(anonymous_29)","decl":{"start":{"line":75,"column":31},"end":{"line":75,"column":32}},"loc":{"start":{"line":76,"column":2},"end":{"line":76,"column":48}},"line":76},"30":{"name":"(anonymous_30)","decl":{"start":{"line":79,"column":25},"end":{"line":79,"column":26}},"loc":{"start":{"line":79,"column":34},"end":{"line":79,"column":66}},"line":79},"31":{"name":"(anonymous_31)","decl":{"start":{"line":81,"column":29},"end":{"line":81,"column":30}},"loc":{"start":{"line":81,"column":38},"end":{"line":81,"column":69}},"line":81},"32":{"name":"(anonymous_32)","decl":{"start":{"line":83,"column":33},"end":{"line":83,"column":34}},"loc":{"start":{"line":83,"column":42},"end":{"line":83,"column":78}},"line":83},"33":{"name":"(anonymous_33)","decl":{"start":{"line":85,"column":31},"end":{"line":85,"column":32}},"loc":{"start":{"line":85,"column":40},"end":{"line":85,"column":73}},"line":85},"34":{"name":"(anonymous_34)","decl":{"start":{"line":87,"column":35},"end":{"line":87,"column":36}},"loc":{"start":{"line":88,"column":2},"end":{"line":88,"column":40}},"line":88},"35":{"name":"(anonymous_35)","decl":{"start":{"line":91,"column":33},"end":{"line":91,"column":34}},"loc":{"start":{"line":91,"column":42},"end":{"line":91,"column":77}},"line":91},"36":{"name":"(anonymous_36)","decl":{"start":{"line":93,"column":37},"end":{"line":93,"column":38}},"loc":{"start":{"line":94,"column":2},"end":{"line":94,"column":42}},"line":94},"37":{"name":"(anonymous_37)","decl":{"start":{"line":97,"column":34},"end":{"line":97,"column":35}},"loc":{"start":{"line":97,"column":43},"end":{"line":97,"column":79}},"line":97},"38":{"name":"(anonymous_38)","decl":{"start":{"line":99,"column":38},"end":{"line":99,"column":39}},"loc":{"start":{"line":100,"column":2},"end":{"line":100,"column":43}},"line":100},"39":{"name":"(anonymous_39)","decl":{"start":{"line":103,"column":35},"end":{"line":103,"column":36}},"loc":{"start":{"line":104,"column":2},"end":{"line":104,"column":39}},"line":104},"40":{"name":"(anonymous_40)","decl":{"start":{"line":107,"column":39},"end":{"line":107,"column":40}},"loc":{"start":{"line":108,"column":2},"end":{"line":108,"column":44}},"line":108},"41":{"name":"(anonymous_41)","decl":{"start":{"line":111,"column":34},"end":{"line":111,"column":35}},"loc":{"start":{"line":111,"column":43},"end":{"line":111,"column":79}},"line":111},"42":{"name":"(anonymous_42)","decl":{"start":{"line":113,"column":38},"end":{"line":113,"column":39}},"loc":{"start":{"line":114,"column":2},"end":{"line":114,"column":43}},"line":114},"43":{"name":"(anonymous_43)","decl":{"start":{"line":117,"column":37},"end":{"line":117,"column":38}},"loc":{"start":{"line":118,"column":2},"end":{"line":118,"column":41}},"line":118},"44":{"name":"(anonymous_44)","decl":{"start":{"line":121,"column":41},"end":{"line":121,"column":42}},"loc":{"start":{"line":122,"column":2},"end":{"line":122,"column":46}},"line":122},"45":{"name":"(anonymous_45)","decl":{"start":{"line":125,"column":31},"end":{"line":125,"column":32}},"loc":{"start":{"line":125,"column":40},"end":{"line":125,"column":73}},"line":125},"46":{"name":"(anonymous_46)","decl":{"start":{"line":127,"column":35},"end":{"line":127,"column":36}},"loc":{"start":{"line":128,"column":2},"end":{"line":128,"column":40}},"line":128},"47":{"name":"(anonymous_47)","decl":{"start":{"line":131,"column":41},"end":{"line":131,"column":42}},"loc":{"start":{"line":132,"column":2},"end":{"line":132,"column":46}},"line":132},"48":{"name":"(anonymous_48)","decl":{"start":{"line":135,"column":45},"end":{"line":135,"column":46}},"loc":{"start":{"line":136,"column":2},"end":{"line":136,"column":51}},"line":136},"49":{"name":"(anonymous_49)","decl":{"start":{"line":139,"column":31},"end":{"line":139,"column":32}},"loc":{"start":{"line":139,"column":40},"end":{"line":139,"column":73}},"line":139},"50":{"name":"(anonymous_50)","decl":{"start":{"line":141,"column":35},"end":{"line":141,"column":36}},"loc":{"start":{"line":142,"column":2},"end":{"line":142,"column":40}},"line":142},"51":{"name":"(anonymous_51)","decl":{"start":{"line":145,"column":36},"end":{"line":145,"column":37}},"loc":{"start":{"line":146,"column":2},"end":{"line":146,"column":41}},"line":146},"52":{"name":"(anonymous_52)","decl":{"start":{"line":149,"column":40},"end":{"line":149,"column":41}},"loc":{"start":{"line":150,"column":2},"end":{"line":150,"column":46}},"line":150},"53":{"name":"(anonymous_53)","decl":{"start":{"line":153,"column":33},"end":{"line":153,"column":34}},"loc":{"start":{"line":153,"column":42},"end":{"line":153,"column":77}},"line":153},"54":{"name":"(anonymous_54)","decl":{"start":{"line":155,"column":37},"end":{"line":155,"column":38}},"loc":{"start":{"line":156,"column":2},"end":{"line":156,"column":42}},"line":156},"55":{"name":"(anonymous_55)","decl":{"start":{"line":159,"column":29},"end":{"line":159,"column":30}},"loc":{"start":{"line":159,"column":38},"end":{"line":159,"column":69}},"line":159},"56":{"name":"(anonymous_56)","decl":{"start":{"line":161,"column":33},"end":{"line":161,"column":34}},"loc":{"start":{"line":161,"column":42},"end":{"line":161,"column":78}},"line":161},"57":{"name":"(anonymous_57)","decl":{"start":{"line":163,"column":33},"end":{"line":163,"column":34}},"loc":{"start":{"line":163,"column":42},"end":{"line":163,"column":78}},"line":163},"58":{"name":"(anonymous_58)","decl":{"start":{"line":165,"column":37},"end":{"line":165,"column":38}},"loc":{"start":{"line":166,"column":2},"end":{"line":166,"column":43}},"line":166},"59":{"name":"(anonymous_59)","decl":{"start":{"line":169,"column":35},"end":{"line":169,"column":36}},"loc":{"start":{"line":170,"column":2},"end":{"line":170,"column":39}},"line":170},"60":{"name":"(anonymous_60)","decl":{"start":{"line":173,"column":39},"end":{"line":173,"column":40}},"loc":{"start":{"line":174,"column":2},"end":{"line":174,"column":44}},"line":174},"61":{"name":"(anonymous_61)","decl":{"start":{"line":177,"column":31},"end":{"line":177,"column":32}},"loc":{"start":{"line":177,"column":40},"end":{"line":177,"column":73}},"line":177},"62":{"name":"(anonymous_62)","decl":{"start":{"line":179,"column":35},"end":{"line":179,"column":36}},"loc":{"start":{"line":180,"column":2},"end":{"line":180,"column":40}},"line":180},"63":{"name":"(anonymous_63)","decl":{"start":{"line":183,"column":29},"end":{"line":183,"column":30}},"loc":{"start":{"line":183,"column":38},"end":{"line":183,"column":69}},"line":183},"64":{"name":"(anonymous_64)","decl":{"start":{"line":185,"column":33},"end":{"line":185,"column":34}},"loc":{"start":{"line":185,"column":42},"end":{"line":185,"column":78}},"line":185},"65":{"name":"(anonymous_65)","decl":{"start":{"line":187,"column":30},"end":{"line":187,"column":31}},"loc":{"start":{"line":187,"column":39},"end":{"line":187,"column":71}},"line":187},"66":{"name":"(anonymous_66)","decl":{"start":{"line":189,"column":34},"end":{"line":189,"column":35}},"loc":{"start":{"line":190,"column":2},"end":{"line":190,"column":39}},"line":190},"67":{"name":"(anonymous_67)","decl":{"start":{"line":193,"column":29},"end":{"line":193,"column":30}},"loc":{"start":{"line":193,"column":38},"end":{"line":193,"column":69}},"line":193},"68":{"name":"(anonymous_68)","decl":{"start":{"line":195,"column":33},"end":{"line":195,"column":34}},"loc":{"start":{"line":195,"column":42},"end":{"line":195,"column":78}},"line":195},"69":{"name":"(anonymous_69)","decl":{"start":{"line":197,"column":29},"end":{"line":197,"column":30}},"loc":{"start":{"line":197,"column":38},"end":{"line":197,"column":69}},"line":197},"70":{"name":"(anonymous_70)","decl":{"start":{"line":199,"column":33},"end":{"line":199,"column":34}},"loc":{"start":{"line":199,"column":42},"end":{"line":199,"column":78}},"line":199},"71":{"name":"(anonymous_71)","decl":{"start":{"line":201,"column":30},"end":{"line":201,"column":31}},"loc":{"start":{"line":201,"column":39},"end":{"line":201,"column":71}},"line":201},"72":{"name":"(anonymous_72)","decl":{"start":{"line":203,"column":34},"end":{"line":203,"column":35}},"loc":{"start":{"line":204,"column":2},"end":{"line":204,"column":39}},"line":204},"73":{"name":"(anonymous_73)","decl":{"start":{"line":207,"column":37},"end":{"line":207,"column":38}},"loc":{"start":{"line":208,"column":2},"end":{"line":208,"column":42}},"line":208},"74":{"name":"(anonymous_74)","decl":{"start":{"line":211,"column":41},"end":{"line":211,"column":42}},"loc":{"start":{"line":212,"column":2},"end":{"line":212,"column":47}},"line":212},"75":{"name":"(anonymous_75)","decl":{"start":{"line":215,"column":32},"end":{"line":215,"column":33}},"loc":{"start":{"line":215,"column":41},"end":{"line":215,"column":75}},"line":215},"76":{"name":"(anonymous_76)","decl":{"start":{"line":217,"column":36},"end":{"line":217,"column":37}},"loc":{"start":{"line":218,"column":2},"end":{"line":218,"column":41}},"line":218},"77":{"name":"(anonymous_77)","decl":{"start":{"line":221,"column":30},"end":{"line":221,"column":31}},"loc":{"start":{"line":221,"column":39},"end":{"line":221,"column":71}},"line":221},"78":{"name":"(anonymous_78)","decl":{"start":{"line":223,"column":34},"end":{"line":223,"column":35}},"loc":{"start":{"line":224,"column":2},"end":{"line":224,"column":39}},"line":224},"79":{"name":"(anonymous_79)","decl":{"start":{"line":227,"column":31},"end":{"line":227,"column":32}},"loc":{"start":{"line":227,"column":40},"end":{"line":227,"column":73}},"line":227},"80":{"name":"(anonymous_80)","decl":{"start":{"line":229,"column":35},"end":{"line":229,"column":36}},"loc":{"start":{"line":230,"column":2},"end":{"line":230,"column":40}},"line":230},"81":{"name":"(anonymous_81)","decl":{"start":{"line":233,"column":32},"end":{"line":233,"column":33}},"loc":{"start":{"line":233,"column":41},"end":{"line":233,"column":75}},"line":233},"82":{"name":"(anonymous_82)","decl":{"start":{"line":235,"column":36},"end":{"line":235,"column":37}},"loc":{"start":{"line":236,"column":2},"end":{"line":236,"column":41}},"line":236},"83":{"name":"(anonymous_83)","decl":{"start":{"line":239,"column":32},"end":{"line":239,"column":33}},"loc":{"start":{"line":239,"column":41},"end":{"line":239,"column":76}},"line":239},"84":{"name":"(anonymous_84)","decl":{"start":{"line":241,"column":36},"end":{"line":241,"column":37}},"loc":{"start":{"line":242,"column":2},"end":{"line":242,"column":42}},"line":242},"85":{"name":"(anonymous_85)","decl":{"start":{"line":245,"column":29},"end":{"line":245,"column":30}},"loc":{"start":{"line":245,"column":38},"end":{"line":245,"column":69}},"line":245},"86":{"name":"(anonymous_86)","decl":{"start":{"line":247,"column":33},"end":{"line":247,"column":34}},"loc":{"start":{"line":247,"column":42},"end":{"line":247,"column":78}},"line":247},"87":{"name":"(anonymous_87)","decl":{"start":{"line":249,"column":31},"end":{"line":249,"column":32}},"loc":{"start":{"line":249,"column":40},"end":{"line":249,"column":73}},"line":249},"88":{"name":"(anonymous_88)","decl":{"start":{"line":251,"column":35},"end":{"line":251,"column":36}},"loc":{"start":{"line":252,"column":2},"end":{"line":252,"column":40}},"line":252},"89":{"name":"(anonymous_89)","decl":{"start":{"line":255,"column":32},"end":{"line":255,"column":33}},"loc":{"start":{"line":255,"column":41},"end":{"line":255,"column":75}},"line":255},"90":{"name":"(anonymous_90)","decl":{"start":{"line":257,"column":36},"end":{"line":257,"column":37}},"loc":{"start":{"line":258,"column":2},"end":{"line":258,"column":41}},"line":258},"91":{"name":"(anonymous_91)","decl":{"start":{"line":261,"column":38},"end":{"line":261,"column":39}},"loc":{"start":{"line":262,"column":2},"end":{"line":262,"column":43}},"line":262},"92":{"name":"(anonymous_92)","decl":{"start":{"line":265,"column":42},"end":{"line":265,"column":43}},"loc":{"start":{"line":266,"column":2},"end":{"line":266,"column":48}},"line":266},"93":{"name":"(anonymous_93)","decl":{"start":{"line":269,"column":24},"end":{"line":269,"column":25}},"loc":{"start":{"line":269,"column":33},"end":{"line":269,"column":64}},"line":269}},"branchMap":{},"s":{"0":6,"1":3,"2":6,"3":1,"4":6,"5":9,"6":6,"7":0,"8":6,"9":0,"10":6,"11":0,"12":6,"13":0,"14":6,"15":10,"16":6,"17":0,"18":6,"19":9,"20":6,"21":0,"22":6,"23":0,"24":6,"25":0,"26":6,"27":0,"28":6,"29":1,"30":6,"31":0,"32":6,"33":0,"34":6,"35":0,"36":6,"37":0,"38":6,"39":0,"40":6,"41":1,"42":6,"43":0,"44":6,"45":4,"46":6,"47":0,"48":6,"49":0,"50":6,"51":0,"52":6,"53":0,"54":6,"55":0,"56":6,"57":0,"58":6,"59":4,"60":6,"61":9,"62":6,"63":0,"64":6,"65":0,"66":6,"67":0,"68":6,"69":0,"70":6,"71":0,"72":6,"73":0,"74":6,"75":0,"76":6,"77":0,"78":6,"79":0,"80":6,"81":0,"82":6,"83":0,"84":6,"85":0,"86":6,"87":0,"88":6,"89":0,"90":6,"91":0,"92":6,"93":0,"94":6,"95":0,"96":6,"97":0,"98":6,"99":0,"100":6,"101":0,"102":6,"103":0,"104":6,"105":0,"106":6,"107":0,"108":6,"109":0,"110":6,"111":0,"112":6,"113":0,"114":6,"115":0,"116":6,"117":0,"118":6,"119":0,"120":6,"121":0,"122":6,"123":0,"124":6,"125":0,"126":6,"127":0,"128":6,"129":0,"130":6,"131":0,"132":6,"133":0,"134":6,"135":0,"136":6,"137":0,"138":6,"139":0,"140":6,"141":0,"142":6,"143":0,"144":6,"145":0,"146":6,"147":0,"148":6,"149":0,"150":6,"151":0,"152":6,"153":0,"154":6,"155":0,"156":6,"157":0,"158":6,"159":0,"160":6,"161":0,"162":6,"163":0,"164":6,"165":0,"166":6,"167":0,"168":6,"169":0,"170":6,"171":0,"172":6,"173":0,"174":6,"175":0,"176":6,"177":0,"178":6,"179":0,"180":6,"181":0,"182":6,"183":0,"184":6,"185":0,"186":6,"187":0},"f":{"0":3,"1":1,"2":9,"3":0,"4":0,"5":0,"6":0,"7":10,"8":0,"9":9,"10":0,"11":0,"12":0,"13":0,"14":1,"15":0,"16":0,"17":0,"18":0,"19":0,"20":1,"21":0,"22":4,"23":0,"24":0,"25":0,"26":0,"27":0,"28":0,"29":4,"30":9,"31":0,"32":0,"33":0,"34":0,"35":0,"36":0,"37":0,"38":0,"39":0,"40":0,"41":0,"42":0,"43":0,"44":0,"45":0,"46":0,"47":0,"48":0,"49":0,"50":0,"51":0,"52":0,"53":0,"54":0,"55":0,"56":0,"57":0,"58":0,"59":0,"60":0,"61":0,"62":0,"63":0,"64":0,"65":0,"66":0,"67":0,"68":0,"69":0,"70":0,"71":0,"72":0,"73":0,"74":0,"75":0,"76":0,"77":0,"78":0,"79":0,"80":0,"81":0,"82":0,"83":0,"84":0,"85":0,"86":0,"87":0,"88":0,"89":0,"90":0,"91":0,"92":0,"93":0},"b":{},"_coverageSchema":"1a1c01bbd47fc00a2c39e90264f33305004495a9","hash":"a47377acc643d7d06467fdf965e96f2d209853d0"}
}
