TN:
SF:src/controller.js
FN:6,(anonymous_0)
FN:10,(anonymous_1)
FN:31,(anonymous_2)
FN:42,(anonymous_3)
FN:46,(anonymous_4)
FN:76,(anonymous_5)
FN:81,(anonymous_6)
FNF:7
FNH:7
FNDA:7,(anonymous_0)
FNDA:145,(anonymous_1)
FNDA:7,(anonymous_2)
FNDA:2,(anonymous_3)
FNDA:41,(anonymous_4)
FNDA:23,(anonymous_5)
FNDA:7,(anonymous_6)
DA:4,13
DA:7,7
DA:8,7
DA:9,7
DA:10,21
DA:11,145
DA:30,23
DA:31,15
DA:32,7
DA:37,21
DA:39,7
DA:43,2
DA:44,2
DA:45,2
DA:46,6
DA:47,41
DA:66,7
DA:67,3
DA:71,6
DA:73,2
DA:77,23
DA:78,23
DA:82,7
DA:83,7
LF:24
LH:24
BRDA:11,0,0,23
BRDA:11,0,1,122
BRDA:12,1,0,145
BRDA:12,1,1,124
BRDA:12,1,2,114
BRDA:12,1,3,107
BRDA:12,1,4,107
BRDA:12,1,5,107
BRDA:12,1,6,100
BRDA:12,1,7,93
BRDA:12,1,8,86
BRDA:12,1,9,79
BRDA:12,1,10,72
BRDA:12,1,11,65
BRDA:12,1,12,58
BRDA:12,1,13,51
BRDA:12,1,14,44
BRDA:12,1,15,37
BRDA:12,1,16,30
BRDA:30,2,0,15
BRDA:30,2,1,8
BRDA:47,3,0,7
BRDA:47,3,1,34
BRDA:48,4,0,41
BRDA:48,4,1,35
BRDA:48,4,2,33
BRDA:48,4,3,31
BRDA:48,4,4,31
BRDA:48,4,5,31
BRDA:48,4,6,29
BRDA:48,4,7,27
BRDA:48,4,8,25
BRDA:48,4,9,23
BRDA:48,4,10,21
BRDA:48,4,11,19
BRDA:48,4,12,17
BRDA:48,4,13,15
BRDA:48,4,14,13
BRDA:48,4,15,11
BRDA:48,4,16,9
BRDA:66,5,0,3
BRDA:66,5,1,4
BRDA:78,6,0,23
BRDA:78,6,1,23
BRDA:83,7,0,7
BRDA:83,7,1,7
BRF:46
BRH:46
end_of_record
TN:
SF:src/weosHelpers.js
FN:4,(anonymous_0)
FN:6,(anonymous_1)
FN:7,(anonymous_2)
FN:14,(anonymous_3)
FN:19,(anonymous_4)
FN:25,(anonymous_5)
FN:30,(anonymous_6)
FN:43,(anonymous_7)
FNF:8
FNH:5
FNDA:0,(anonymous_0)
FNDA:0,(anonymous_1)
FNDA:0,(anonymous_2)
FNDA:9,(anonymous_3)
FNDA:4,(anonymous_4)
FNDA:9,(anonymous_5)
FNDA:4,(anonymous_6)
FNDA:4,(anonymous_7)
DA:4,1
DA:5,0
DA:6,0
DA:7,0
DA:14,1
DA:15,9
DA:17,9
DA:20,4
DA:25,1
DA:26,9
DA:28,9
DA:31,4
DA:32,4
DA:37,3
DA:39,1
DA:41,4
DA:44,4
LF:17
LH:14
BRDA:32,0,0,3
BRDA:32,0,1,1
BRDA:33,1,0,4
BRDA:33,1,1,4
BRDA:33,1,2,4
BRF:5
BRH:5
end_of_record
TN:
SF:src/logs/controllers/Logs.js
FN:6,(anonymous_0)
FNF:1
FNH:1
FNDA:1,(anonymous_0)
DA:7,1
DA:9,1
LF:2
LH:2
BRF:0
BRH:0
end_of_record
TN:
SF:src/logs/model/commandTypes.js
FNF:0
FNH:0
DA:1,4
DA:2,4
DA:3,4
LF:3
LH:3
BRF:0
BRH:0
end_of_record
TN:
SF:src/logs/model/commands.js
FN:3,(anonymous_0)
FNF:1
FNH:1
FNDA:3,(anonymous_0)
DA:3,4
DA:4,3
LF:2
LH:2
BRF:0
BRH:0
end_of_record
TN:
SF:src/logs/model/reducer.js
FN:4,(anonymous_0)
FNF:1
FNH:1
FNDA:3,(anonymous_0)
DA:4,2
DA:8,3
DA:9,3
DA:10,3
DA:12,3
DA:15,2
DA:16,10
DA:20,2
DA:21,2
DA:25,2
DA:26,7
DA:30,2
DA:31,2
DA:41,2
DA:42,1
DA:44,1
DA:48,2
DA:51,2
DA:57,1
LF:19
LH:19
BRDA:5,0,0,1
BRDA:12,1,0,2
BRDA:12,1,1,1
BRDA:41,2,0,1
BRDA:41,2,1,1
BRF:5
BRH:5
end_of_record
TN:
SF:src/logs/model/selectors.js
FN:5,(anonymous_0)
FN:7,(anonymous_1)
FN:8,(anonymous_2)
FN:10,(anonymous_3)
FN:11,(anonymous_4)
FN:16,(anonymous_5)
FN:28,(anonymous_6)
FN:31,(anonymous_7)
FN:36,(anonymous_8)
FN:46,(anonymous_9)
FN:46,(anonymous_10)
FN:55,(anonymous_11)
FN:58,(anonymous_12)
FN:64,(anonymous_13)
FN:70,(anonymous_14)
FN:73,(anonymous_15)
FN:75,(anonymous_16)
FN:79,(anonymous_17)
FN:85,(anonymous_18)
FN:91,(anonymous_19)
FN:95,(anonymous_20)
FN:99,(anonymous_21)
FN:104,(anonymous_22)
FN:110,(anonymous_23)
FN:113,(anonymous_24)
FN:114,(anonymous_25)
FN:115,(anonymous_26)
FNF:27
FNH:26
FNDA:2,(anonymous_0)
FNDA:4,(anonymous_1)
FNDA:1,(anonymous_2)
FNDA:4,(anonymous_3)
FNDA:29,(anonymous_4)
FNDA:12,(anonymous_5)
FNDA:2,(anonymous_6)
FNDA:8,(anonymous_7)
FNDA:6,(anonymous_8)
FNDA:1,(anonymous_9)
FNDA:2,(anonymous_10)
FNDA:1,(anonymous_11)
FNDA:2,(anonymous_12)
FNDA:1,(anonymous_13)
FNDA:2,(anonymous_14)
FNDA:8,(anonymous_15)
FNDA:16,(anonymous_16)
FNDA:2,(anonymous_17)
FNDA:0,(anonymous_18)
FNDA:4,(anonymous_19)
FNDA:20,(anonymous_20)
FNDA:14,(anonymous_21)
FNDA:4,(anonymous_22)
FNDA:4,(anonymous_23)
FNDA:4,(anonymous_24)
FNDA:25,(anonymous_25)
FNDA:78,(anonymous_26)
DA:5,4
DA:6,2
DA:7,4
DA:8,4
DA:10,4
DA:11,4
DA:12,29
DA:15,4
DA:16,4
DA:17,12
DA:19,4
DA:26,4
DA:29,2
DA:30,2
DA:32,8
DA:36,6
DA:44,4
DA:46,2
DA:53,4
DA:57,1
DA:59,2
DA:64,1
DA:68,4
DA:71,2
DA:72,2
DA:73,2
DA:74,8
DA:75,16
DA:77,8
DA:80,2
DA:81,2
DA:85,0
DA:91,4
DA:92,4
DA:93,4
DA:94,2
DA:95,20
DA:98,2
DA:99,14
DA:103,4
DA:104,4
DA:107,4
DA:110,4
DA:111,4
DA:114,4
DA:115,25
DA:116,78
DA:118,25
DA:126,4
LF:49
LH:48
BRDA:32,0,0,6
BRDA:32,0,1,2
BRDA:77,1,0,2
BRDA:77,1,1,6
BRDA:81,2,0,2
BRDA:81,2,1,0
BRDA:91,3,0,0
BRDA:93,4,0,2
BRDA:93,4,1,2
BRDA:93,5,0,4
BRDA:93,5,1,2
BRDA:94,6,0,2
BRDA:94,6,1,0
BRDA:98,7,0,2
BRDA:98,7,1,0
BRDA:103,8,0,1
BRDA:103,8,1,3
BRF:17
BRH:13
end_of_record
TN:
SF:src/logs/views/components/LogItem.js
FN:14,(anonymous_0)
FNF:1
FNH:1
FNDA:1,(anonymous_0)
DA:15,1
DA:16,1
DA:17,1
DA:18,1
DA:19,1
DA:20,1
DA:51,1
LF:7
LH:7
BRF:0
BRH:0
end_of_record
TN:
SF:src/logs/views/components/LogsFilter.js
FN:13,(anonymous_0)
FN:29,(anonymous_1)
FN:42,(anonymous_2)
FNF:3
FNH:1
FNDA:1,(anonymous_0)
FNDA:0,(anonymous_1)
FNDA:0,(anonymous_2)
DA:13,1
DA:14,1
DA:15,1
DA:20,1
DA:21,1
DA:29,0
DA:42,0
DA:50,1
LF:8
LH:6
BRF:0
BRH:0
end_of_record
TN:
SF:src/onboarding/controllers/Complete.js
FN:11,(anonymous_0)
FNF:1
FNH:1
FNDA:1,(anonymous_0)
DA:12,1
LF:1
LH:1
BRF:0
BRH:0
end_of_record
TN:
SF:src/onboarding/model/commandTypes.js
FNF:0
FNH:0
DA:1,2
LF:1
LH:1
BRF:0
BRH:0
end_of_record
TN:
SF:src/onboarding/model/commands.js
FN:3,(anonymous_0)
FNF:1
FNH:1
FNDA:3,(anonymous_0)
DA:3,2
DA:4,3
LF:2
LH:2
BRF:0
BRH:0
end_of_record
TN:
SF:src/onboarding/model/reducer.js
FN:3,(anonymous_0)
FNF:1
FNH:1
FNDA:2,(anonymous_0)
DA:3,1
DA:4,2
DA:6,1
DA:8,1
LF:4
LH:4
BRDA:3,0,0,1
BRDA:4,1,0,1
BRDA:4,1,1,1
BRF:3
BRH:3
end_of_record
TN:
SF:src/onboarding/views/screens/Complete.js
FN:13,(anonymous_0)
FN:28,(anonymous_1)
FNF:2
FNH:2
FNDA:1,(anonymous_0)
FNDA:1,(anonymous_1)
DA:14,1
DA:15,1
DA:28,1
DA:37,1
LF:4
LH:4
BRF:0
BRH:0
end_of_record
TN:
SF:src/projects/model/commandTypes.js
FNF:0
FNH:0
DA:1,1
DA:2,1
DA:3,1
LF:3
LH:3
BRF:0
BRH:0
end_of_record
TN:
SF:src/projects/model/commands.js
FN:3,(anonymous_0)
FN:10,(anonymous_1)
FN:17,(anonymous_2)
FNF:3
FNH:3
FNDA:1,(anonymous_0)
FNDA:1,(anonymous_1)
FNDA:1,(anonymous_2)
DA:3,1
DA:4,1
DA:10,1
DA:11,1
DA:17,1
DA:18,1
LF:6
LH:6
BRF:0
BRH:0
end_of_record
TN:
SF:src/projects/model/reducer.js
FN:4,(anonymous_0)
FNF:1
FNH:1
FNDA:4,(anonymous_0)
DA:4,1
DA:5,4
DA:7,1
DA:8,1
DA:10,1
DA:11,1
DA:13,1
DA:14,1
DA:16,1
LF:9
LH:9
BRDA:4,0,0,2
BRDA:5,1,0,1
BRDA:5,1,1,1
BRDA:5,1,2,1
BRDA:5,1,3,1
BRF:5
BRH:5
end_of_record
TN:
SF:src/reports/model/actionTypes.js
FNF:0
FNH:0
DA:1,1
LF:1
LH:1
BRF:0
BRH:0
end_of_record
TN:
SF:src/reports/model/actions.js
FN:3,(anonymous_0)
FNF:1
FNH:1
FNDA:1,(anonymous_0)
DA:3,1
DA:4,1
LF:2
LH:2
BRF:0
BRH:0
end_of_record
TN:
SF:src/reports/model/reducer.js
FN:3,(anonymous_0)
FNF:1
FNH:1
FNDA:2,(anonymous_0)
DA:3,1
DA:4,2
DA:6,1
DA:8,1
LF:4
LH:4
BRDA:3,0,0,1
BRDA:4,1,0,1
BRDA:4,1,1,1
BRF:3
BRH:3
end_of_record
TN:
SF:src/tasks/controllers/Agenda.js
FN:21,(anonymous_0)
FN:22,(anonymous_1)
FN:34,(anonymous_2)
FN:35,(anonymous_3)
FN:43,(anonymous_4)
FNF:5
FNH:5
FNDA:1,(anonymous_0)
FNDA:1,(anonymous_1)
FNDA:1,(anonymous_2)
FNDA:1,(anonymous_3)
FNDA:2,(anonymous_4)
DA:22,1
DA:23,1
DA:24,1
DA:35,1
DA:36,1
DA:37,1
DA:38,1
DA:44,2
LF:8
LH:8
BRDA:21,0,0,0
BRF:1
BRH:0
end_of_record
TN:
SF:src/tasks/controllers/Backlog.js
FN:6,(anonymous_0)
FN:7,(anonymous_1)
FN:15,(anonymous_2)
FNF:3
FNH:3
FNDA:1,(anonymous_0)
FNDA:1,(anonymous_1)
FNDA:2,(anonymous_2)
DA:7,1
DA:8,1
DA:11,1
DA:16,2
LF:4
LH:4
BRF:0
BRH:0
end_of_record
TN:
SF:src/tasks/controllers/Detail.js
FN:6,(anonymous_0)
FN:10,(anonymous_1)
FN:22,(anonymous_2)
FN:30,(anonymous_3)
FN:49,(anonymous_4)
FNF:5
FNH:4
FNDA:3,(anonymous_0)
FNDA:1,(anonymous_1)
FNDA:2,(anonymous_2)
FNDA:2,(anonymous_3)
FNDA:0,(anonymous_4)
DA:7,3
DA:11,1
DA:30,2
DA:31,2
DA:43,2
DA:44,2
DA:45,2
DA:50,0
DA:57,0
DA:58,0
DA:59,0
LF:11
LH:7
BRDA:11,0,0,1
BRDA:11,0,1,0
BRDA:11,1,0,1
BRDA:11,1,1,1
BRDA:26,2,0,0
BRDA:27,3,0,1
BRDA:28,4,0,1
BRDA:35,5,0,1
BRDA:35,5,1,1
BRDA:37,6,0,1
BRDA:37,6,1,1
BRF:11
BRH:9
end_of_record
TN:
SF:src/tasks/model/commandTypes.js
FNF:0
FNH:0
DA:1,4
DA:2,4
DA:3,4
DA:4,4
LF:4
LH:4
BRF:0
BRH:0
end_of_record
TN:
SF:src/tasks/model/commands.js
FN:3,(anonymous_0)
FN:10,(anonymous_1)
FN:17,(anonymous_2)
FN:27,(anonymous_3)
FNF:4
FNH:4
FNDA:3,(anonymous_0)
FNDA:1,(anonymous_1)
FNDA:5,(anonymous_2)
FNDA:3,(anonymous_3)
DA:3,4
DA:4,3
DA:10,4
DA:11,1
DA:17,4
DA:18,5
DA:27,4
DA:28,3
LF:8
LH:8
BRF:0
BRH:0
end_of_record
TN:
SF:src/tasks/model/reducer.js
FN:6,(anonymous_0)
FN:11,(anonymous_1)
FN:25,(anonymous_2)
FN:35,(anonymous_3)
FNF:4
FNH:3
FNDA:5,(anonymous_0)
FNDA:0,(anonymous_1)
FNDA:1,(anonymous_2)
FNDA:1,(anonymous_3)
DA:6,1
DA:7,5
DA:8,5
DA:11,1
DA:12,0
DA:17,1
DA:18,1
DA:22,1
DA:25,1
DA:26,1
DA:31,1
DA:32,1
DA:33,1
DA:35,1
DA:36,1
DA:37,1
DA:41,0
DA:46,1
DA:48,1
DA:55,1
LF:20
LH:18
BRDA:6,0,0,1
BRDA:8,1,0,1
BRDA:8,1,1,1
BRDA:8,1,2,1
BRDA:8,1,3,1
BRDA:8,1,4,1
BRDA:36,2,0,1
BRDA:36,2,1,0
BRF:8
BRH:7
end_of_record
TN:
SF:src/tasks/model/selectors.js
FN:3,(anonymous_0)
FN:13,(anonymous_1)
FN:15,(anonymous_2)
FN:16,(anonymous_3)
FN:24,(anonymous_4)
FN:26,(anonymous_5)
FN:27,(anonymous_6)
FNF:7
FNH:7
FNDA:10,(anonymous_0)
FNDA:3,(anonymous_1)
FNDA:15,(anonymous_2)
FNDA:15,(anonymous_3)
FNDA:3,(anonymous_4)
FNDA:15,(anonymous_5)
FNDA:9,(anonymous_6)
DA:3,5
DA:4,10
DA:11,5
DA:14,3
DA:16,15
DA:17,15
DA:22,5
DA:25,3
DA:26,15
DA:28,9
DA:29,3
DA:31,6
DA:32,3
DA:34,3
LF:14
LH:14
BRDA:28,0,0,3
BRDA:28,0,1,6
BRDA:31,1,0,3
BRDA:31,1,1,3
BRF:4
BRH:4
end_of_record
TN:
SF:src/tasks/views/components/Agenda.js
FN:6,(anonymous_0)
FN:17,(anonymous_1)
FN:23,(anonymous_2)
FN:32,(anonymous_3)
FNF:4
FNH:1
FNDA:1,(anonymous_0)
FNDA:0,(anonymous_1)
FNDA:0,(anonymous_2)
FNDA:0,(anonymous_3)
DA:15,1
DA:16,1
DA:17,1
DA:18,0
DA:23,1
DA:25,0
DA:26,0
DA:28,0
DA:32,0
DA:42,1
DA:61,1
LF:11
LH:6
BRDA:25,0,0,0
BRDA:25,0,1,0
BRDA:25,1,0,0
BRDA:25,1,1,0
BRDA:37,2,0,0
BRDA:37,2,1,0
BRDA:44,3,0,1
BRDA:44,3,1,0
BRF:8
BRH:1
end_of_record
TN:
SF:src/tasks/views/components/AgendaItem.js
FN:14,(anonymous_0)
FN:48,(anonymous_1)
FN:84,(anonymous_2)
FNF:3
FNH:3
FNDA:4,(anonymous_0)
FNDA:1,(anonymous_1)
FNDA:1,(anonymous_2)
DA:14,2
DA:24,4
DA:25,4
DA:26,4
DA:31,4
DA:37,4
DA:49,1
DA:85,1
DA:86,1
DA:95,2
LF:10
LH:10
BRDA:42,0,0,1
BRDA:42,0,1,3
BRDA:42,1,0,0
BRDA:42,1,1,3
BRDA:57,2,0,4
BRDA:57,2,1,1
BRDA:62,3,0,0
BRDA:62,3,1,4
BRDA:65,4,0,0
BRDA:65,4,1,4
BRDA:72,5,0,0
BRDA:72,5,1,4
BRDA:73,6,0,0
BRDA:73,6,1,4
BRF:14
BRH:9
end_of_record
TN:
SF:src/tasks/views/components/CurrentTask.js
FN:13,(anonymous_0)
FN:17,(anonymous_1)
FN:22,(anonymous_2)
FN:23,tick
FN:28,(anonymous_4)
FN:33,(anonymous_5)
FN:42,(anonymous_6)
FN:46,(anonymous_7)
FNF:8
FNH:6
FNDA:4,(anonymous_0)
FNDA:4,(anonymous_1)
FNDA:2,(anonymous_2)
FNDA:0,tick
FNDA:1,(anonymous_4)
FNDA:4,(anonymous_5)
FNDA:2,(anonymous_6)
FNDA:0,(anonymous_7)
DA:13,2
DA:14,4
DA:17,4
DA:18,4
DA:22,4
DA:24,0
DA:26,2
DA:27,2
DA:28,2
DA:34,4
DA:35,4
DA:37,4
DA:38,4
DA:39,4
DA:41,4
DA:42,4
DA:43,2
DA:46,4
DA:47,0
DA:50,4
DA:51,4
DA:52,4
DA:54,4
DA:84,2
LF:24
LH:22
BRDA:26,0,0,2
BRDA:26,0,1,0
BRDA:35,1,0,0
BRDA:35,1,1,4
BRDA:64,2,0,0
BRDA:64,2,1,4
BRDA:65,3,0,0
BRDA:65,3,1,4
BRF:8
BRH:4
end_of_record
TN:
SF:src/tasks/views/components/DetailTopBar.js
FN:9,(anonymous_0)
FN:12,(anonymous_1)
FN:16,(anonymous_2)
FN:20,(anonymous_3)
FN:21,(anonymous_4)
FNF:5
FNH:3
FNDA:9,(anonymous_0)
FNDA:0,(anonymous_1)
FNDA:9,(anonymous_2)
FNDA:9,(anonymous_3)
FNDA:0,(anonymous_4)
DA:10,9
DA:12,9
DA:13,0
DA:16,9
DA:17,9
DA:20,9
DA:21,9
DA:22,0
DA:25,9
DA:28,9
LF:10
LH:8
BRDA:10,0,0,9
BRDA:10,0,1,0
BRF:2
BRH:1
end_of_record
TN:
SF:src/tasks/views/screens/Detail.js
FN:23,(anonymous_0)
FN:45,(anonymous_1)
FN:57,(anonymous_2)
FN:75,(anonymous_3)
FN:92,(anonymous_4)
FN:110,(anonymous_5)
FN:114,(anonymous_6)
FN:127,(anonymous_7)
FN:136,(anonymous_8)
FN:149,(anonymous_9)
FNF:10
FNH:6
FNDA:9,(anonymous_0)
FNDA:4,(anonymous_1)
FNDA:1,(anonymous_2)
FNDA:3,(anonymous_3)
FNDA:1,(anonymous_4)
FNDA:0,(anonymous_5)
FNDA:18,(anonymous_6)
FNDA:0,(anonymous_7)
FNDA:0,(anonymous_8)
FNDA:0,(anonymous_9)
DA:24,9
DA:25,9
DA:26,9
DA:28,9
DA:29,9
DA:37,9
DA:45,9
DA:46,4
DA:47,4
DA:48,4
DA:49,4
DA:50,1
DA:57,1
DA:61,9
DA:63,9
DA:76,3
DA:77,3
DA:93,1
DA:94,1
DA:111,0
DA:112,0
DA:115,18
DA:127,0
DA:137,0
DA:138,0
DA:149,0
DA:169,1
LF:27
LH:21
BRDA:49,0,0,1
BRDA:49,0,1,3
BRDA:49,1,0,4
BRDA:49,1,1,4
BRDA:79,2,0,9
BRDA:79,2,1,0
BRDA:80,3,0,9
BRDA:80,3,1,0
BRDA:81,4,0,9
BRDA:81,4,1,0
BRDA:96,5,0,9
BRDA:96,5,1,3
BRDA:97,6,0,9
BRDA:97,6,1,3
BRDA:99,7,0,9
BRDA:99,7,1,3
BRF:16
BRH:13
end_of_record
TN:
SF:src/views/components/Icons.js
FN:5,(anonymous_0)
FN:8,(anonymous_1)
FN:11,(anonymous_2)
FN:15,(anonymous_3)
FN:19,(anonymous_4)
FN:21,(anonymous_5)
FN:23,(anonymous_6)
FN:27,(anonymous_7)
FN:31,(anonymous_8)
FN:35,(anonymous_9)
FN:37,(anonymous_10)
FN:39,(anonymous_11)
FN:41,(anonymous_12)
FN:42,(anonymous_13)
FN:44,(anonymous_14)
FN:46,(anonymous_15)
FN:48,(anonymous_16)
FN:50,(anonymous_17)
FN:52,(anonymous_18)
FN:54,(anonymous_19)
FN:56,(anonymous_20)
FN:60,(anonymous_21)
FN:61,(anonymous_22)
FN:62,(anonymous_23)
FN:64,(anonymous_24)
FN:66,(anonymous_25)
FN:69,(anonymous_26)
FN:71,(anonymous_27)
FN:73,(anonymous_28)
FN:75,(anonymous_29)
FN:79,(anonymous_30)
FN:81,(anonymous_31)
FN:83,(anonymous_32)
FN:85,(anonymous_33)
FN:87,(anonymous_34)
FN:91,(anonymous_35)
FN:93,(anonymous_36)
FN:97,(anonymous_37)
FN:99,(anonymous_38)
FN:103,(anonymous_39)
FN:107,(anonymous_40)
FN:111,(anonymous_41)
FN:113,(anonymous_42)
FN:117,(anonymous_43)
FN:121,(anonymous_44)
FN:125,(anonymous_45)
FN:127,(anonymous_46)
FN:131,(anonymous_47)
FN:135,(anonymous_48)
FN:139,(anonymous_49)
FN:141,(anonymous_50)
FN:145,(anonymous_51)
FN:149,(anonymous_52)
FN:153,(anonymous_53)
FN:155,(anonymous_54)
FN:159,(anonymous_55)
FN:161,(anonymous_56)
FN:163,(anonymous_57)
FN:165,(anonymous_58)
FN:169,(anonymous_59)
FN:173,(anonymous_60)
FN:177,(anonymous_61)
FN:179,(anonymous_62)
FN:183,(anonymous_63)
FN:185,(anonymous_64)
FN:187,(anonymous_65)
FN:189,(anonymous_66)
FN:193,(anonymous_67)
FN:195,(anonymous_68)
FN:197,(anonymous_69)
FN:199,(anonymous_70)
FN:201,(anonymous_71)
FN:203,(anonymous_72)
FN:207,(anonymous_73)
FN:211,(anonymous_74)
FN:215,(anonymous_75)
FN:217,(anonymous_76)
FN:221,(anonymous_77)
FN:223,(anonymous_78)
FN:227,(anonymous_79)
FN:229,(anonymous_80)
FN:233,(anonymous_81)
FN:235,(anonymous_82)
FN:239,(anonymous_83)
FN:241,(anonymous_84)
FN:245,(anonymous_85)
FN:247,(anonymous_86)
FN:249,(anonymous_87)
FN:251,(anonymous_88)
FN:255,(anonymous_89)
FN:257,(anonymous_90)
FN:261,(anonymous_91)
FN:265,(anonymous_92)
FN:269,(anonymous_93)
FNF:94
FNH:10
FNDA:3,(anonymous_0)
FNDA:1,(anonymous_1)
FNDA:9,(anonymous_2)
FNDA:0,(anonymous_3)
FNDA:0,(anonymous_4)
FNDA:0,(anonymous_5)
FNDA:0,(anonymous_6)
FNDA:10,(anonymous_7)
FNDA:0,(anonymous_8)
FNDA:9,(anonymous_9)
FNDA:0,(anonymous_10)
FNDA:0,(anonymous_11)
FNDA:0,(anonymous_12)
FNDA:0,(anonymous_13)
FNDA:1,(anonymous_14)
FNDA:0,(anonymous_15)
FNDA:0,(anonymous_16)
FNDA:0,(anonymous_17)
FNDA:0,(anonymous_18)
FNDA:0,(anonymous_19)
FNDA:1,(anonymous_20)
FNDA:0,(anonymous_21)
FNDA:4,(anonymous_22)
FNDA:0,(anonymous_23)
FNDA:0,(anonymous_24)
FNDA:0,(anonymous_25)
FNDA:0,(anonymous_26)
FNDA:0,(anonymous_27)
FNDA:0,(anonymous_28)
FNDA:4,(anonymous_29)
FNDA:9,(anonymous_30)
FNDA:0,(anonymous_31)
FNDA:0,(anonymous_32)
FNDA:0,(anonymous_33)
FNDA:0,(anonymous_34)
FNDA:0,(anonymous_35)
FNDA:0,(anonymous_36)
FNDA:0,(anonymous_37)
FNDA:0,(anonymous_38)
FNDA:0,(anonymous_39)
FNDA:0,(anonymous_40)
FNDA:0,(anonymous_41)
FNDA:0,(anonymous_42)
FNDA:0,(anonymous_43)
FNDA:0,(anonymous_44)
FNDA:0,(anonymous_45)
FNDA:0,(anonymous_46)
FNDA:0,(anonymous_47)
FNDA:0,(anonymous_48)
FNDA:0,(anonymous_49)
FNDA:0,(anonymous_50)
FNDA:0,(anonymous_51)
FNDA:0,(anonymous_52)
FNDA:0,(anonymous_53)
FNDA:0,(anonymous_54)
FNDA:0,(anonymous_55)
FNDA:0,(anonymous_56)
FNDA:0,(anonymous_57)
FNDA:0,(anonymous_58)
FNDA:0,(anonymous_59)
FNDA:0,(anonymous_60)
FNDA:0,(anonymous_61)
FNDA:0,(anonymous_62)
FNDA:0,(anonymous_63)
FNDA:0,(anonymous_64)
FNDA:0,(anonymous_65)
FNDA:0,(anonymous_66)
FNDA:0,(anonymous_67)
FNDA:0,(anonymous_68)
FNDA:0,(anonymous_69)
FNDA:0,(anonymous_70)
FNDA:0,(anonymous_71)
FNDA:0,(anonymous_72)
FNDA:0,(anonymous_73)
FNDA:0,(anonymous_74)
FNDA:0,(anonymous_75)
FNDA:0,(anonymous_76)
FNDA:0,(anonymous_77)
FNDA:0,(anonymous_78)
FNDA:0,(anonymous_79)
FNDA:0,(anonymous_80)
FNDA:0,(anonymous_81)
FNDA:0,(anonymous_82)
FNDA:0,(anonymous_83)
FNDA:0,(anonymous_84)
FNDA:0,(anonymous_85)
FNDA:0,(anonymous_86)
FNDA:0,(anonymous_87)
FNDA:0,(anonymous_88)
FNDA:0,(anonymous_89)
FNDA:0,(anonymous_90)
FNDA:0,(anonymous_91)
FNDA:0,(anonymous_92)
FNDA:0,(anonymous_93)
DA:5,6
DA:6,3
DA:8,6
DA:9,1
DA:11,6
DA:12,9
DA:15,6
DA:16,0
DA:19,6
DA:21,6
DA:23,6
DA:24,0
DA:27,6
DA:28,10
DA:31,6
DA:32,0
DA:35,9
DA:37,6
DA:39,6
DA:41,6
DA:42,6
DA:44,6
DA:46,6
DA:48,6
DA:50,6
DA:52,6
DA:54,6
DA:56,6
DA:57,1
DA:60,6
DA:61,6
DA:62,6
DA:64,6
DA:66,6
DA:67,0
DA:69,6
DA:71,6
DA:73,6
DA:75,6
DA:76,4
DA:79,9
DA:81,6
DA:83,6
DA:85,6
DA:87,6
DA:88,0
DA:91,6
DA:93,6
DA:94,0
DA:97,6
DA:99,6
DA:100,0
DA:103,6
DA:104,0
DA:107,6
DA:108,0
DA:111,6
DA:113,6
DA:114,0
DA:117,6
DA:118,0
DA:121,6
DA:122,0
DA:125,6
DA:127,6
DA:128,0
DA:131,6
DA:132,0
DA:135,6
DA:136,0
DA:139,6
DA:141,6
DA:142,0
DA:145,6
DA:146,0
DA:149,6
DA:150,0
DA:153,6
DA:155,6
DA:156,0
DA:159,6
DA:161,6
DA:163,6
DA:165,6
DA:166,0
DA:169,6
DA:170,0
DA:173,6
DA:174,0
DA:177,6
DA:179,6
DA:180,0
DA:183,6
DA:185,6
DA:187,6
DA:189,6
DA:190,0
DA:193,6
DA:195,6
DA:197,6
DA:199,6
DA:201,6
DA:203,6
DA:204,0
DA:207,6
DA:208,0
DA:211,6
DA:212,0
DA:215,6
DA:217,6
DA:218,0
DA:221,6
DA:223,6
DA:224,0
DA:227,6
DA:229,6
DA:230,0
DA:233,6
DA:235,6
DA:236,0
DA:239,6
DA:241,6
DA:242,0
DA:245,6
DA:247,6
DA:249,6
DA:251,6
DA:252,0
DA:255,6
DA:257,6
DA:258,0
DA:261,6
DA:262,0
DA:265,6
DA:266,0
DA:269,6
LF:136
LH:100
BRF:0
BRH:0
end_of_record
